Using pre-set license
Built from '2022.3/release' branch; Version is '2022.3.20f1 (61c2feb0970d) revision 6406910'; Using compiler version '192829333'; Build Type 'Release'
OS: 'Windows 10  (10.0.19045) 64bit Enterprise' Language: 'ko' Physical Memory: 16304 MB
BatchMode: 1, IsHumanControllingUs: 0, StartBugReporterOnCrash: 0, Is64bit: 1, IsPro: 1

COMMAND LINE ARGUMENTS:
C:\Program Files\Unity\Hub\Editor\2022.3.20f1\Editor\Unity.exe
-adb2
-batchMode
-noUpm
-name
AssetImportWorker1
-projectPath
C:/Users/SSAFY/Desktop/hyunki/My project01
-logFile
Logs/AssetImportWorker1.log
-srvPort
51310
Successfully changed project path to: C:/Users/SSAFY/Desktop/hyunki/My project01
C:/Users/SSAFY/Desktop/hyunki/My project01
[UnityMemory] Configuration Parameters - Can be set up in boot.config
    "memorysetup-bucket-allocator-granularity=16"
    "memorysetup-bucket-allocator-bucket-count=8"
    "memorysetup-bucket-allocator-block-size=33554432"
    "memorysetup-bucket-allocator-block-count=8"
    "memorysetup-main-allocator-block-size=16777216"
    "memorysetup-thread-allocator-block-size=16777216"
    "memorysetup-gfx-main-allocator-block-size=16777216"
    "memorysetup-gfx-thread-allocator-block-size=16777216"
    "memorysetup-cache-allocator-block-size=4194304"
    "memorysetup-typetree-allocator-block-size=2097152"
    "memorysetup-profiler-bucket-allocator-granularity=16"
    "memorysetup-profiler-bucket-allocator-bucket-count=8"
    "memorysetup-profiler-bucket-allocator-block-size=33554432"
    "memorysetup-profiler-bucket-allocator-block-count=8"
    "memorysetup-profiler-allocator-block-size=16777216"
    "memorysetup-profiler-editor-allocator-block-size=1048576"
    "memorysetup-temp-allocator-size-main=16777216"
    "memorysetup-job-temp-allocator-block-size=2097152"
    "memorysetup-job-temp-allocator-block-size-background=1048576"
    "memorysetup-job-temp-allocator-reduction-small-platforms=262144"
    "memorysetup-allocator-temp-initial-block-size-main=262144"
    "memorysetup-allocator-temp-initial-block-size-worker=262144"
    "memorysetup-temp-allocator-size-background-worker=32768"
    "memorysetup-temp-allocator-size-job-worker=262144"
    "memorysetup-temp-allocator-size-preload-manager=33554432"
    "memorysetup-temp-allocator-size-nav-mesh-worker=65536"
    "memorysetup-temp-allocator-size-audio-worker=65536"
    "memorysetup-temp-allocator-size-cloud-worker=32768"
    "memorysetup-temp-allocator-size-gi-baking-worker=262144"
    "memorysetup-temp-allocator-size-gfx=262144"
Player connection [11752] Host "[IP] 192.168.30.130 [Port] 0 [Flags] 2 [Guid] 2590465329 [EditorId] 2590465329 [Version] 1048832 [Id] WindowsEditor(7,DESKTOP-LL7FDJ6) [Debug] 1 [PackageName] WindowsEditor [ProjectName] Editor" joined multi-casting on [225.0.0.222:54997]...

Player connection [11752] Host "[IP] 192.168.30.130 [Port] 0 [Flags] 2 [Guid] 2590465329 [EditorId] 2590465329 [Version] 1048832 [Id] WindowsEditor(7,DESKTOP-LL7FDJ6) [Debug] 1 [PackageName] WindowsEditor [ProjectName] Editor" joined alternative multi-casting on [225.0.0.222:34997]...

[Physics::Module] Initialized MultithreadedJobDispatcher with 11 workers.
Refreshing native plugins compatible for Editor in 7.78 ms, found 3 plugins.
Preloading 0 native plugins for Editor in 0.00 ms.
Initialize engine version: 2022.3.20f1 (61c2feb0970d)
[Subsystems] Discovering subsystems at path C:/Program Files/Unity/Hub/Editor/2022.3.20f1/Editor/Data/Resources/UnitySubsystems
[Subsystems] Discovering subsystems at path C:/Users/SSAFY/Desktop/hyunki/My project01/Assets
GfxDevice: creating device client; threaded=0; jobified=0
Direct3D:
    Version:  Direct3D 11.0 [level 11.1]
    Renderer: NVIDIA GeForce RTX 2070 Super with Max-Q Design (ID=0x1ed1)
    Vendor:   NVIDIA
    VRAM:     7989 MB
    Driver:   31.0.15.5152
Initialize mono
Mono path[0] = 'C:/Program Files/Unity/Hub/Editor/2022.3.20f1/Editor/Data/Managed'
Mono path[1] = 'C:/Program Files/Unity/Hub/Editor/2022.3.20f1/Editor/Data/MonoBleedingEdge/lib/mono/unityjit-win32'
Mono config path = 'C:/Program Files/Unity/Hub/Editor/2022.3.20f1/Editor/Data/MonoBleedingEdge/etc'
Using monoOptions --debugger-agent=transport=dt_socket,embedding=1,server=y,suspend=n,address=127.0.0.1:56440
Begin MonoManager ReloadAssembly
Registering precompiled unity dll's ...
Register platform support module: C:/Program Files/Unity/Hub/Editor/2022.3.20f1/Editor/Data/PlaybackEngines/WindowsStandaloneSupport/UnityEditor.WindowsStandalone.Extensions.dll
Registered in 0.008181 seconds.
- Loaded All Assemblies, in  0.426 seconds
Native extension for WindowsStandalone target not found
Mono: successfully reloaded assembly
- Finished resetting the current domain, in  0.315 seconds
Domain Reload Profiling: 740ms
	BeginReloadAssembly (141ms)
		ExecutionOrderSort (0ms)
		DisableScriptedObjects (0ms)
		BackupInstance (0ms)
		ReleaseScriptingObjects (0ms)
		CreateAndSetChildDomain (1ms)
	RebuildCommonClasses (40ms)
	RebuildNativeTypeToScriptingClass (19ms)
	initialDomainReloadingComplete (63ms)
	LoadAllAssembliesAndSetupDomain (163ms)
		LoadAssemblies (139ms)
		RebuildTransferFunctionScriptingTraits (0ms)
		AnalyzeDomain (161ms)
			TypeCache.Refresh (159ms)
				TypeCache.ScanAssembly (144ms)
			ScanForSourceGeneratedMonoScriptInfo (0ms)
			ResolveRequiredComponents (0ms)
	FinalizeReload (316ms)
		ReleaseScriptCaches (0ms)
		RebuildScriptCaches (0ms)
		SetupLoadedEditorAssemblies (248ms)
			LogAssemblyErrors (0ms)
			InitializePlatformSupportModulesInManaged (10ms)
			SetLoadedEditorAssemblies (9ms)
			RefreshPlugins (0ms)
			BeforeProcessingInitializeOnLoad (3ms)
			ProcessInitializeOnLoadAttributes (175ms)
			ProcessInitializeOnLoadMethodAttributes (52ms)
			AfterProcessingInitializeOnLoad (0ms)
			EditorAssembliesLoaded (0ms)
		ExecutionOrderSort2 (0ms)
		AwakeInstancesAfterBackupRestoration (0ms)
========================================================================
Worker process is ready to serve import requests
Begin MonoManager ReloadAssembly
- Loaded All Assemblies, in  0.803 seconds
Refreshing native plugins compatible for Editor in 4.83 ms, found 3 plugins.
Native extension for WindowsStandalone target not found
Package Manager log level set to [2]
[Package Manager] Server::EnsureServerProcessIsRunning -- launch failed, reason: Unity was launched with the -noUpm command-line argument
[Package Manager] UpmClient::Send -- Unable to send message (not connected to UPM process).
[Package Manager] Cannot connect to Unity Package Manager local server
Mono: successfully reloaded assembly
- Finished resetting the current domain, in  0.702 seconds
Domain Reload Profiling: 1504ms
	BeginReloadAssembly (205ms)
		ExecutionOrderSort (0ms)
		DisableScriptedObjects (6ms)
		BackupInstance (0ms)
		ReleaseScriptingObjects (0ms)
		CreateAndSetChildDomain (24ms)
	RebuildCommonClasses (48ms)
	RebuildNativeTypeToScriptingClass (19ms)
	initialDomainReloadingComplete (52ms)
	LoadAllAssembliesAndSetupDomain (478ms)
		LoadAssemblies (350ms)
		RebuildTransferFunctionScriptingTraits (0ms)
		AnalyzeDomain (258ms)
			TypeCache.Refresh (233ms)
				TypeCache.ScanAssembly (215ms)
			ScanForSourceGeneratedMonoScriptInfo (16ms)
			ResolveRequiredComponents (7ms)
	FinalizeReload (703ms)
		ReleaseScriptCaches (0ms)
		RebuildScriptCaches (0ms)
		SetupLoadedEditorAssemblies (516ms)
			LogAssemblyErrors (0ms)
			InitializePlatformSupportModulesInManaged (6ms)
			SetLoadedEditorAssemblies (5ms)
			RefreshPlugins (0ms)
			BeforeProcessingInitializeOnLoad (60ms)
			ProcessInitializeOnLoadAttributes (412ms)
			ProcessInitializeOnLoadMethodAttributes (27ms)
			AfterProcessingInitializeOnLoad (5ms)
			EditorAssembliesLoaded (0ms)
		ExecutionOrderSort2 (0ms)
		AwakeInstancesAfterBackupRestoration (8ms)
Launched and connected shader compiler UnityShaderCompiler.exe after 0.04 seconds
Refreshing native plugins compatible for Editor in 4.25 ms, found 3 plugins.
Preloading 0 native plugins for Editor in 0.00 ms.
Unloading 3083 Unused Serialized files (Serialized files now loaded: 0)
Unloading 32 unused Assets / (57.4 KB). Loaded Objects now: 3544.
Memory consumption went from 127.0 MB to 126.9 MB.
Total: 3.589900 ms (FindLiveObjects: 0.319200 ms CreateObjectMapping: 0.251000 ms MarkObjects: 2.920200 ms  DeleteObjects: 0.098400 ms)

AssetImportParameters requested are different than current active one (requested -> active):
  custom:container-demuxer-ogg: 62fdf1f143b41e24485cea50d1cbac27 -> 
  custom:video-decoder-ogg-theora: a1e56fd34408186e4bbccfd4996cb3dc -> 
  custom:framework-win-MediaFoundation: 216162199b28c13a410421893ffa2e32 -> 
  custom:CustomObjectIndexerAttribute: 6d391050e5a25f67b0a2c618074f2cd9 -> 
  custom:container-demuxer-webm: 4f35f7cbe854078d1ac9338744f61a02 -> 
  custom:container-muxer-webm: aa71ff27fc2769a1b78a27578f13a17b -> 
  custom:video-decoder-webm-vp8: 9c59270c3fd7afecdb556c50c9e8de78 -> 
  custom:SearchIndexIgnoredProperties: e643bd26f0fe6173181afceb89e7c659 -> 
  custom:AudioImporter_EditorPlatform: d09bf68614088b80899f8185d706f6e7 -> 
  custom:video-encoder-webm-vp8: eb34c28f22e8b96e1ab97ce403110664 -> 
  custom:audio-decoder-ogg-vorbis: bf7c407c2cedff20999df2af8eb42d56 -> 
  custom:audio-encoder-webm-vorbis: bf7c407c2cedff20999df2af8eb42d56 -> 
========================================================================
Received Import Request.
  Time since last request: 7848.424927 seconds.
  path: Assets/RPG Tiny Hero Duo/Prefab/Shield08PBR.prefab
  artifactKey: Guid(573036acf9f1e0c42845dddc25cea245) Importer(815301076,1909f56bfc062723c751e8b465ee728b)
Start importing Assets/RPG Tiny Hero Duo/Prefab/Shield08PBR.prefab using Guid(573036acf9f1e0c42845dddc25cea245) Importer(815301076,1909f56bfc062723c751e8b465ee728b)  -> (artifact id: '617df5cd9b1fb6634c3b4d0128cec8ca') in 0.430746 seconds
Number of updated asset objects reloaded before import = 0
Number of asset objects unloaded after import = 11
========================================================================
Received Import Request.
  Time since last request: 0.000033 seconds.
  path: Assets/RPG Tiny Hero Duo/Prefab/OHS06PBR.prefab
  artifactKey: Guid(3617e4093ca8d5145986d37c89cfd692) Importer(815301076,1909f56bfc062723c751e8b465ee728b)
Start importing Assets/RPG Tiny Hero Duo/Prefab/OHS06PBR.prefab using Guid(3617e4093ca8d5145986d37c89cfd692) Importer(815301076,1909f56bfc062723c751e8b465ee728b)  -> (artifact id: '316e4d67befaf316c2c1764f99c7803b') in 0.011033 seconds
Number of updated asset objects reloaded before import = 0
Number of asset objects unloaded after import = 11
========================================================================
Received Import Request.
  Time since last request: 0.000018 seconds.
  path: Assets/RPG Tiny Hero Duo/Prefab/OHS06Polyart.prefab
  artifactKey: Guid(a611871aa4f987941bf934736c0ee6d7) Importer(815301076,1909f56bfc062723c751e8b465ee728b)
Start importing Assets/RPG Tiny Hero Duo/Prefab/OHS06Polyart.prefab using Guid(a611871aa4f987941bf934736c0ee6d7) Importer(815301076,1909f56bfc062723c751e8b465ee728b)  -> (artifact id: '5f4d5ab316401e8147f6a3f4b69c028c') in 0.270272 seconds
Number of updated asset objects reloaded before import = 0
Number of asset objects unloaded after import = 10
========================================================================
Received Import Request.
  Time since last request: 0.000017 seconds.
  path: Assets/RPG Tiny Hero Duo/Prefab/MaleCharacterPBR.prefab
  artifactKey: Guid(2dfbb63c9cdf7504faf4ff26b0581598) Importer(815301076,1909f56bfc062723c751e8b465ee728b)
Start importing Assets/RPG Tiny Hero Duo/Prefab/MaleCharacterPBR.prefab using Guid(2dfbb63c9cdf7504faf4ff26b0581598) Importer(815301076,1909f56bfc062723c751e8b465ee728b)  -> (artifact id: 'de8afe99d5bb61ddcda08e8a9551a121') in 0.077942 seconds
Number of updated asset objects reloaded before import = 0
Number of asset objects unloaded after import = 250
========================================================================
Received Prepare
Begin MonoManager ReloadAssembly
- Loaded All Assemblies, in  0.470 seconds
Refreshing native plugins compatible for Editor in 2.97 ms, found 3 plugins.
Native extension for WindowsStandalone target not found
[Package Manager] Server::EnsureServerProcessIsRunning -- launch failed, reason: Unity was launched with the -noUpm command-line argument
[Package Manager] UpmClient::Send -- Unable to send message (not connected to UPM process).
[Package Manager] Cannot connect to Unity Package Manager local server
Mono: successfully reloaded assembly
- Finished resetting the current domain, in  1.068 seconds
Domain Reload Profiling: 1538ms
	BeginReloadAssembly (177ms)
		ExecutionOrderSort (0ms)
		DisableScriptedObjects (5ms)
		BackupInstance (0ms)
		ReleaseScriptingObjects (0ms)
		CreateAndSetChildDomain (39ms)
	RebuildCommonClasses (34ms)
	RebuildNativeTypeToScriptingClass (12ms)
	initialDomainReloadingComplete (32ms)
	LoadAllAssembliesAndSetupDomain (214ms)
		LoadAssemblies (301ms)
		RebuildTransferFunctionScriptingTraits (0ms)
		AnalyzeDomain (15ms)
			TypeCache.Refresh (7ms)
				TypeCache.ScanAssembly (0ms)
			ScanForSourceGeneratedMonoScriptInfo (0ms)
			ResolveRequiredComponents (6ms)
	FinalizeReload (1069ms)
		ReleaseScriptCaches (0ms)
		RebuildScriptCaches (0ms)
		SetupLoadedEditorAssemblies (463ms)
			LogAssemblyErrors (0ms)
			InitializePlatformSupportModulesInManaged (7ms)
			SetLoadedEditorAssemblies (6ms)
			RefreshPlugins (0ms)
			BeforeProcessingInitializeOnLoad (73ms)
			ProcessInitializeOnLoadAttributes (343ms)
			ProcessInitializeOnLoadMethodAttributes (28ms)
			AfterProcessingInitializeOnLoad (6ms)
			EditorAssembliesLoaded (0ms)
		ExecutionOrderSort2 (0ms)
		AwakeInstancesAfterBackupRestoration (11ms)
Refreshing native plugins compatible for Editor in 4.46 ms, found 3 plugins.
Preloading 0 native plugins for Editor in 0.00 ms.
Unloading 3075 Unused Serialized files (Serialized files now loaded: 0)
Unloading 23 unused Assets / (31.1 KB). Loaded Objects now: 3556.
Memory consumption went from 133.9 MB to 133.8 MB.
Total: 3.563500 ms (FindLiveObjects: 0.373700 ms CreateObjectMapping: 0.307000 ms MarkObjects: 2.833300 ms  DeleteObjects: 0.048100 ms)

Prepare: number of updated asset objects reloaded= 0
AssetImportParameters requested are different than current active one (requested -> active):
  custom:container-demuxer-ogg: 62fdf1f143b41e24485cea50d1cbac27 -> 
  custom:video-decoder-ogg-theora: a1e56fd34408186e4bbccfd4996cb3dc -> 
  custom:framework-win-MediaFoundation: 216162199b28c13a410421893ffa2e32 -> 
  custom:CustomObjectIndexerAttribute: 6d391050e5a25f67b0a2c618074f2cd9 -> 
  custom:container-demuxer-webm: 4f35f7cbe854078d1ac9338744f61a02 -> 
  custom:container-muxer-webm: aa71ff27fc2769a1b78a27578f13a17b -> 
  custom:video-decoder-webm-vp8: 9c59270c3fd7afecdb556c50c9e8de78 -> 
  custom:SearchIndexIgnoredProperties: e643bd26f0fe6173181afceb89e7c659 -> 
  custom:AudioImporter_EditorPlatform: d09bf68614088b80899f8185d706f6e7 -> 
  custom:video-encoder-webm-vp8: eb34c28f22e8b96e1ab97ce403110664 -> 
  custom:audio-decoder-ogg-vorbis: bf7c407c2cedff20999df2af8eb42d56 -> 
  custom:audio-encoder-webm-vorbis: bf7c407c2cedff20999df2af8eb42d56 -> 
========================================================================
Received Import Request.
  Time since last request: 713.849096 seconds.
  path: Assets/RPG Tiny Hero Duo/Animation/SwordAndShield/Attack02_SwordAndShiled.fbx
  artifactKey: Guid(8283fadf2c89507469495f30db8680db) Importer(815301076,1909f56bfc062723c751e8b465ee728b)
Start importing Assets/RPG Tiny Hero Duo/Animation/SwordAndShield/Attack02_SwordAndShiled.fbx using Guid(8283fadf2c89507469495f30db8680db) Importer(815301076,1909f56bfc062723c751e8b465ee728b)  -> (artifact id: 'e029f61325c68f07f43f69e9a13bbf67') in 0.283907 seconds
Number of updated asset objects reloaded before import = 0
Number of asset objects unloaded after import = 111
========================================================================
Received Import Request.
  Time since last request: 0.000021 seconds.
  path: Assets/RPG Tiny Hero Duo/Animation/SwordAndShield/Attack04_Start_SwordAndShield.fbx
  artifactKey: Guid(11cede249330b1744a2bc174ddb6111c) Importer(815301076,1909f56bfc062723c751e8b465ee728b)
Start importing Assets/RPG Tiny Hero Duo/Animation/SwordAndShield/Attack04_Start_SwordAndShield.fbx using Guid(11cede249330b1744a2bc174ddb6111c) Importer(815301076,1909f56bfc062723c751e8b465ee728b)  -> (artifact id: 'da0cf08793892a3b0abd60687e1b0888') in 0.057098 seconds
Number of updated asset objects reloaded before import = 0
Number of asset objects unloaded after import = 111
========================================================================
Received Import Request.
  Time since last request: 0.000026 seconds.
  path: Assets/RPG Tiny Hero Duo/Animation/SwordAndShield/Attack04_Spinning_SwordAndShield.fbx
  artifactKey: Guid(5729b70d60fdcac45bd03f32c0b8dbea) Importer(815301076,1909f56bfc062723c751e8b465ee728b)
Start importing Assets/RPG Tiny Hero Duo/Animation/SwordAndShield/Attack04_Spinning_SwordAndShield.fbx using Guid(5729b70d60fdcac45bd03f32c0b8dbea) Importer(815301076,1909f56bfc062723c751e8b465ee728b)  -> (artifact id: 'f3812a8b46d72f47b2c7f7f4c0beda59') in 0.049148 seconds
Number of updated asset objects reloaded before import = 0
Number of asset objects unloaded after import = 111
========================================================================
Received Import Request.
  Time since last request: 0.000017 seconds.
  path: Assets/RPG Tiny Hero Duo/Animation/SwordAndShield/AvatarMask.mask
  artifactKey: Guid(0a2d610c66cc08b4492b8b3de93fdbde) Importer(815301076,1909f56bfc062723c751e8b465ee728b)
Start importing Assets/RPG Tiny Hero Duo/Animation/SwordAndShield/AvatarMask.mask using Guid(0a2d610c66cc08b4492b8b3de93fdbde) Importer(815301076,1909f56bfc062723c751e8b465ee728b)  -> (artifact id: '6bf6d138a8beb89b45d646963e322a3d') in 0.001201 seconds
Number of updated asset objects reloaded before import = 0
Number of asset objects unloaded after import = 1
========================================================================
Received Import Request.
  Time since last request: 22.495451 seconds.
  path: Assets/RPG Tiny Hero Duo/Animation/SwordAndShield/DefendHit_SwordAndShield.fbx
  artifactKey: Guid(655c85429305c154b88f3b9157168e0c) Importer(815301076,1909f56bfc062723c751e8b465ee728b)
Start importing Assets/RPG Tiny Hero Duo/Animation/SwordAndShield/DefendHit_SwordAndShield.fbx using Guid(655c85429305c154b88f3b9157168e0c) Importer(815301076,1909f56bfc062723c751e8b465ee728b)  -> (artifact id: '565f3f6ea87f54affe1054d95dfd6a00') in 0.048810 seconds
Number of updated asset objects reloaded before import = 0
Number of asset objects unloaded after import = 111
========================================================================
Received Import Request.
  Time since last request: 0.317362 seconds.
  path: Assets/RPG Tiny Hero Duo/Animation/SwordAndShield/Die01_SwordAndShield.fbx
  artifactKey: Guid(5940bb0b55717a746bbbe4d3e47e7e39) Importer(815301076,1909f56bfc062723c751e8b465ee728b)
Start importing Assets/RPG Tiny Hero Duo/Animation/SwordAndShield/Die01_SwordAndShield.fbx using Guid(5940bb0b55717a746bbbe4d3e47e7e39) Importer(815301076,1909f56bfc062723c751e8b465ee728b)  -> (artifact id: '1c064232c532e7d5e6132b24d6e56060') in 0.047311 seconds
Number of updated asset objects reloaded before import = 0
Number of asset objects unloaded after import = 111
========================================================================
Received Import Request.
  Time since last request: 0.765312 seconds.
  path: Assets/RPG Tiny Hero Duo/Animation/SwordAndShield/GetHit01_SwordAndShield.fbx
  artifactKey: Guid(c98546b8d8d3ab046afc8acfe706361f) Importer(815301076,1909f56bfc062723c751e8b465ee728b)
Start importing Assets/RPG Tiny Hero Duo/Animation/SwordAndShield/GetHit01_SwordAndShield.fbx using Guid(c98546b8d8d3ab046afc8acfe706361f) Importer(815301076,1909f56bfc062723c751e8b465ee728b)  -> (artifact id: 'd7324c92305031f2bdedd37ad4ea222b') in 0.052388 seconds
Number of updated asset objects reloaded before import = 0
Number of asset objects unloaded after import = 111
========================================================================
Received Import Request.
  Time since last request: 0.472911 seconds.
  path: Assets/RPG Tiny Hero Duo/Animation/SwordAndShield/Idle_Battle_SwordAndShiled.fbx
  artifactKey: Guid(0308cf4e83cf517488b60af58b290fe0) Importer(815301076,1909f56bfc062723c751e8b465ee728b)
Start importing Assets/RPG Tiny Hero Duo/Animation/SwordAndShield/Idle_Battle_SwordAndShiled.fbx using Guid(0308cf4e83cf517488b60af58b290fe0) Importer(815301076,1909f56bfc062723c751e8b465ee728b)  -> (artifact id: '88bbcee994d8d3bcaf149dbf9c99712e') in 0.049802 seconds
Number of updated asset objects reloaded before import = 0
Number of asset objects unloaded after import = 113
========================================================================
Received Import Request.
  Time since last request: 0.498408 seconds.
  path: Assets/RPG Tiny Hero Duo/Animation/SwordAndShield/LevelUp_Battle_SwordAndShield.fbx
  artifactKey: Guid(7125eebf1200f4b4ba2f105c37668d1d) Importer(815301076,1909f56bfc062723c751e8b465ee728b)
Start importing Assets/RPG Tiny Hero Duo/Animation/SwordAndShield/LevelUp_Battle_SwordAndShield.fbx using Guid(7125eebf1200f4b4ba2f105c37668d1d) Importer(815301076,1909f56bfc062723c751e8b465ee728b)  -> (artifact id: 'b8d5f111e1d1dcfc7359eab54f0f3f95') in 0.051096 seconds
Number of updated asset objects reloaded before import = 0
Number of asset objects unloaded after import = 111
========================================================================
Received Prepare
Begin MonoManager ReloadAssembly
- Loaded All Assemblies, in  0.474 seconds
Refreshing native plugins compatible for Editor in 3.21 ms, found 3 plugins.
Native extension for WindowsStandalone target not found
[Package Manager] Server::EnsureServerProcessIsRunning -- launch failed, reason: Unity was launched with the -noUpm command-line argument
[Package Manager] UpmClient::Send -- Unable to send message (not connected to UPM process).
[Package Manager] Cannot connect to Unity Package Manager local server
Mono: successfully reloaded assembly
- Finished resetting the current domain, in  0.919 seconds
Domain Reload Profiling: 1391ms
	BeginReloadAssembly (172ms)
		ExecutionOrderSort (0ms)
		DisableScriptedObjects (4ms)
		BackupInstance (0ms)
		ReleaseScriptingObjects (0ms)
		CreateAndSetChildDomain (33ms)
	RebuildCommonClasses (36ms)
	RebuildNativeTypeToScriptingClass (13ms)
	initialDomainReloadingComplete (32ms)
	LoadAllAssembliesAndSetupDomain (219ms)
		LoadAssemblies (302ms)
		RebuildTransferFunctionScriptingTraits (0ms)
		AnalyzeDomain (22ms)
			TypeCache.Refresh (10ms)
				TypeCache.ScanAssembly (0ms)
			ScanForSourceGeneratedMonoScriptInfo (6ms)
			ResolveRequiredComponents (5ms)
	FinalizeReload (919ms)
		ReleaseScriptCaches (0ms)
		RebuildScriptCaches (0ms)
		SetupLoadedEditorAssemblies (376ms)
			LogAssemblyErrors (0ms)
			InitializePlatformSupportModulesInManaged (5ms)
			SetLoadedEditorAssemblies (5ms)
			RefreshPlugins (0ms)
			BeforeProcessingInitializeOnLoad (59ms)
			ProcessInitializeOnLoadAttributes (274ms)
			ProcessInitializeOnLoadMethodAttributes (27ms)
			AfterProcessingInitializeOnLoad (5ms)
			EditorAssembliesLoaded (0ms)
		ExecutionOrderSort2 (0ms)
		AwakeInstancesAfterBackupRestoration (8ms)
Refreshing native plugins compatible for Editor in 3.42 ms, found 3 plugins.
Preloading 0 native plugins for Editor in 0.00 ms.
Unloading 3076 Unused Serialized files (Serialized files now loaded: 0)
Unloading 22 unused Assets / (30.1 KB). Loaded Objects now: 3564.
Memory consumption went from 136.1 MB to 136.1 MB.
Total: 3.492300 ms (FindLiveObjects: 0.442900 ms CreateObjectMapping: 0.379400 ms MarkObjects: 2.620900 ms  DeleteObjects: 0.048500 ms)

Prepare: number of updated asset objects reloaded= 0
AssetImportParameters requested are different than current active one (requested -> active):
  custom:container-demuxer-ogg: 62fdf1f143b41e24485cea50d1cbac27 -> 
  custom:video-decoder-ogg-theora: a1e56fd34408186e4bbccfd4996cb3dc -> 
  custom:framework-win-MediaFoundation: 216162199b28c13a410421893ffa2e32 -> 
  custom:CustomObjectIndexerAttribute: 6d391050e5a25f67b0a2c618074f2cd9 -> 
  custom:container-demuxer-webm: 4f35f7cbe854078d1ac9338744f61a02 -> 
  custom:container-muxer-webm: aa71ff27fc2769a1b78a27578f13a17b -> 
  custom:video-decoder-webm-vp8: 9c59270c3fd7afecdb556c50c9e8de78 -> 
  custom:SearchIndexIgnoredProperties: e643bd26f0fe6173181afceb89e7c659 -> 
  custom:AudioImporter_EditorPlatform: d09bf68614088b80899f8185d706f6e7 -> 
  custom:video-encoder-webm-vp8: eb34c28f22e8b96e1ab97ce403110664 -> 
  custom:audio-decoder-ogg-vorbis: bf7c407c2cedff20999df2af8eb42d56 -> 
  custom:audio-encoder-webm-vorbis: bf7c407c2cedff20999df2af8eb42d56 -> 
========================================================================
Received Import Request.
  Time since last request: 862.142542 seconds.
  path: Assets
  artifactKey: Guid(00000000000000001000000000000000) Importer(815301076,1909f56bfc062723c751e8b465ee728b)
Start importing Assets using Guid(00000000000000001000000000000000) Importer(815301076,1909f56bfc062723c751e8b465ee728b)  -> (artifact id: '8a4fe85251aa2e89732c359432baa2c3') in 0.001813 seconds
Number of updated asset objects reloaded before import = 0
Number of asset objects unloaded after import = 0
========================================================================
Received Prepare
Begin MonoManager ReloadAssembly
- Loaded All Assemblies, in  0.478 seconds
Refreshing native plugins compatible for Editor in 3.23 ms, found 3 plugins.
Native extension for WindowsStandalone target not found
[Package Manager] Server::EnsureServerProcessIsRunning -- launch failed, reason: Unity was launched with the -noUpm command-line argument
[Package Manager] UpmClient::Send -- Unable to send message (not connected to UPM process).
[Package Manager] Cannot connect to Unity Package Manager local server
Mono: successfully reloaded assembly
- Finished resetting the current domain, in  0.881 seconds
Domain Reload Profiling: 1358ms
	BeginReloadAssembly (180ms)
		ExecutionOrderSort (0ms)
		DisableScriptedObjects (6ms)
		BackupInstance (0ms)
		ReleaseScriptingObjects (0ms)
		CreateAndSetChildDomain (31ms)
	RebuildCommonClasses (47ms)
	RebuildNativeTypeToScriptingClass (12ms)
	initialDomainReloadingComplete (29ms)
	LoadAllAssembliesAndSetupDomain (209ms)
		LoadAssemblies (302ms)
		RebuildTransferFunctionScriptingTraits (0ms)
		AnalyzeDomain (20ms)
			TypeCache.Refresh (8ms)
				TypeCache.ScanAssembly (0ms)
			ScanForSourceGeneratedMonoScriptInfo (6ms)
			ResolveRequiredComponents (4ms)
	FinalizeReload (881ms)
		ReleaseScriptCaches (0ms)
		RebuildScriptCaches (0ms)
		SetupLoadedEditorAssemblies (384ms)
			LogAssemblyErrors (0ms)
			InitializePlatformSupportModulesInManaged (5ms)
			SetLoadedEditorAssemblies (5ms)
			RefreshPlugins (0ms)
			BeforeProcessingInitializeOnLoad (57ms)
			ProcessInitializeOnLoadAttributes (283ms)
			ProcessInitializeOnLoadMethodAttributes (28ms)
			AfterProcessingInitializeOnLoad (5ms)
			EditorAssembliesLoaded (0ms)
		ExecutionOrderSort2 (0ms)
		AwakeInstancesAfterBackupRestoration (7ms)
Refreshing native plugins compatible for Editor in 2.97 ms, found 3 plugins.
Preloading 0 native plugins for Editor in 0.00 ms.
Unloading 3076 Unused Serialized files (Serialized files now loaded: 0)
Unloading 22 unused Assets / (30.2 KB). Loaded Objects now: 3567.
Memory consumption went from 138.0 MB to 138.0 MB.
Total: 2.748300 ms (FindLiveObjects: 0.201900 ms CreateObjectMapping: 0.167900 ms MarkObjects: 2.332600 ms  DeleteObjects: 0.045200 ms)

Prepare: number of updated asset objects reloaded= 0
AssetImportParameters requested are different than current active one (requested -> active):
  custom:container-demuxer-ogg: 62fdf1f143b41e24485cea50d1cbac27 -> 
  custom:video-decoder-ogg-theora: a1e56fd34408186e4bbccfd4996cb3dc -> 
  custom:framework-win-MediaFoundation: 216162199b28c13a410421893ffa2e32 -> 
  custom:CustomObjectIndexerAttribute: 6d391050e5a25f67b0a2c618074f2cd9 -> 
  custom:container-demuxer-webm: 4f35f7cbe854078d1ac9338744f61a02 -> 
  custom:container-muxer-webm: aa71ff27fc2769a1b78a27578f13a17b -> 
  custom:video-decoder-webm-vp8: 9c59270c3fd7afecdb556c50c9e8de78 -> 
  custom:SearchIndexIgnoredProperties: e643bd26f0fe6173181afceb89e7c659 -> 
  custom:AudioImporter_EditorPlatform: d09bf68614088b80899f8185d706f6e7 -> 
  custom:video-encoder-webm-vp8: eb34c28f22e8b96e1ab97ce403110664 -> 
  custom:audio-decoder-ogg-vorbis: bf7c407c2cedff20999df2af8eb42d56 -> 
  custom:audio-encoder-webm-vorbis: bf7c407c2cedff20999df2af8eb42d56 -> 
========================================================================
Received Prepare
Begin MonoManager ReloadAssembly
- Loaded All Assemblies, in  0.490 seconds
Refreshing native plugins compatible for Editor in 3.26 ms, found 3 plugins.
Native extension for WindowsStandalone target not found
[Package Manager] Server::EnsureServerProcessIsRunning -- launch failed, reason: Unity was launched with the -noUpm command-line argument
[Package Manager] UpmClient::Send -- Unable to send message (not connected to UPM process).
[Package Manager] Cannot connect to Unity Package Manager local server
Mono: successfully reloaded assembly
- Finished resetting the current domain, in  0.889 seconds
Domain Reload Profiling: 1378ms
	BeginReloadAssembly (172ms)
		ExecutionOrderSort (0ms)
		DisableScriptedObjects (5ms)
		BackupInstance (0ms)
		ReleaseScriptingObjects (0ms)
		CreateAndSetChildDomain (33ms)
	RebuildCommonClasses (35ms)
	RebuildNativeTypeToScriptingClass (12ms)
	initialDomainReloadingComplete (29ms)
	LoadAllAssembliesAndSetupDomain (240ms)
		LoadAssemblies (322ms)
		RebuildTransferFunctionScriptingTraits (0ms)
		AnalyzeDomain (23ms)
			TypeCache.Refresh (9ms)
				TypeCache.ScanAssembly (0ms)
			ScanForSourceGeneratedMonoScriptInfo (7ms)
			ResolveRequiredComponents (5ms)
	FinalizeReload (890ms)
		ReleaseScriptCaches (0ms)
		RebuildScriptCaches (0ms)
		SetupLoadedEditorAssemblies (355ms)
			LogAssemblyErrors (0ms)
			InitializePlatformSupportModulesInManaged (6ms)
			SetLoadedEditorAssemblies (4ms)
			RefreshPlugins (0ms)
			BeforeProcessingInitializeOnLoad (57ms)
			ProcessInitializeOnLoadAttributes (257ms)
			ProcessInitializeOnLoadMethodAttributes (25ms)
			AfterProcessingInitializeOnLoad (6ms)
			EditorAssembliesLoaded (0ms)
		ExecutionOrderSort2 (0ms)
		AwakeInstancesAfterBackupRestoration (8ms)
Refreshing native plugins compatible for Editor in 3.21 ms, found 3 plugins.
Preloading 0 native plugins for Editor in 0.00 ms.
Unloading 3076 Unused Serialized files (Serialized files now loaded: 0)
Unloading 22 unused Assets / (30.2 KB). Loaded Objects now: 3570.
Memory consumption went from 140.0 MB to 139.9 MB.
Total: 3.298200 ms (FindLiveObjects: 0.282900 ms CreateObjectMapping: 0.192500 ms MarkObjects: 2.786200 ms  DeleteObjects: 0.035900 ms)

Prepare: number of updated asset objects reloaded= 0
AssetImportParameters requested are different than current active one (requested -> active):
  custom:container-demuxer-ogg: 62fdf1f143b41e24485cea50d1cbac27 -> 
  custom:video-decoder-ogg-theora: a1e56fd34408186e4bbccfd4996cb3dc -> 
  custom:framework-win-MediaFoundation: 216162199b28c13a410421893ffa2e32 -> 
  custom:CustomObjectIndexerAttribute: 6d391050e5a25f67b0a2c618074f2cd9 -> 
  custom:container-demuxer-webm: 4f35f7cbe854078d1ac9338744f61a02 -> 
  custom:container-muxer-webm: aa71ff27fc2769a1b78a27578f13a17b -> 
  custom:video-decoder-webm-vp8: 9c59270c3fd7afecdb556c50c9e8de78 -> 
  custom:SearchIndexIgnoredProperties: e643bd26f0fe6173181afceb89e7c659 -> 
  custom:AudioImporter_EditorPlatform: d09bf68614088b80899f8185d706f6e7 -> 
  custom:video-encoder-webm-vp8: eb34c28f22e8b96e1ab97ce403110664 -> 
  custom:audio-decoder-ogg-vorbis: bf7c407c2cedff20999df2af8eb42d56 -> 
  custom:audio-encoder-webm-vorbis: bf7c407c2cedff20999df2af8eb42d56 -> 
========================================================================
Received Import Request.
  Time since last request: 80.663706 seconds.
  path: Assets/Scenes/SampleScene.unity
  artifactKey: Guid(9fc0d4010bbf28b4594072e72b8655ab) Importer(2089858483,0ecaa5967403d082aa24f35e1b516d23)
Start importing Assets/Scenes/SampleScene.unity using Guid(9fc0d4010bbf28b4594072e72b8655ab) Importer(2089858483,0ecaa5967403d082aa24f35e1b516d23) Generated GUIDs only implemented for interfaces!
 -> (artifact id: 'ae30b8e5838397aac6c03ddbb6dfec9f') in 0.091753 seconds
Number of updated asset objects reloaded before import = 0
Number of asset objects unloaded after import = 1
========================================================================
Received Import Request.
  Time since last request: 0.000032 seconds.
  path: Assets/RPG Tiny Hero Duo/Material/Stage.mat
  artifactKey: Guid(f2c23294678c47341aa7ffec8a34162a) Importer(2089858483,0ecaa5967403d082aa24f35e1b516d23)
Start importing Assets/RPG Tiny Hero Duo/Material/Stage.mat using Guid(f2c23294678c47341aa7ffec8a34162a) Importer(2089858483,0ecaa5967403d082aa24f35e1b516d23) Generated GUIDs only implemented for interfaces!
 -> (artifact id: '7bf7f5ed96039bfe180a74e8ea36a56b') in 0.094384 seconds
Number of updated asset objects reloaded before import = 0
Number of asset objects unloaded after import = 1
========================================================================
Received Import Request.
  Time since last request: 0.000017 seconds.
  path: Assets/RPG Tiny Hero Duo/Animation/SwordAndShield/InPlace/MoveLFT_Battle_InPlace_SwordAndShield.fbx
  artifactKey: Guid(048a541568c52514c9996fea7b37d6e0) Importer(2089858483,0ecaa5967403d082aa24f35e1b516d23)
Start importing Assets/RPG Tiny Hero Duo/Animation/SwordAndShield/InPlace/MoveLFT_Battle_InPlace_SwordAndShield.fbx using Guid(048a541568c52514c9996fea7b37d6e0) Importer(2089858483,0ecaa5967403d082aa24f35e1b516d23) Generated GUIDs only implemented for interfaces!
 -> (artifact id: 'bfe3a13ec9269c705d9ad0508ee5affd') in 0.059015 seconds
Number of updated asset objects reloaded before import = 0
Number of asset objects unloaded after import = 112
========================================================================
Received Import Request.
  Time since last request: 0.000022 seconds.
  path: Assets/RPG Tiny Hero Duo/Mesh/Stage.fbx
  artifactKey: Guid(0f138a164e7f81a4a9e93cf85a9020e9) Importer(2089858483,0ecaa5967403d082aa24f35e1b516d23)
Start importing Assets/RPG Tiny Hero Duo/Mesh/Stage.fbx using Guid(0f138a164e7f81a4a9e93cf85a9020e9) Importer(2089858483,0ecaa5967403d082aa24f35e1b516d23) Generated GUIDs only implemented for interfaces!
 -> (artifact id: 'a5633f5c1eb021ec1a66f594c4f65e12') in 0.020738 seconds
Number of updated asset objects reloaded before import = 0
Number of asset objects unloaded after import = 7
========================================================================
Received Import Request.
  Time since last request: 0.000015 seconds.
  path: Assets/RPG Tiny Hero Duo/Animation/SwordAndShield/RootMotion/SprintFWD_Battle_RM_SwordAndShield.fbx
  artifactKey: Guid(b40499a5812feac4aa7b77f7fbbac11f) Importer(2089858483,0ecaa5967403d082aa24f35e1b516d23)
Start importing Assets/RPG Tiny Hero Duo/Animation/SwordAndShield/RootMotion/SprintFWD_Battle_RM_SwordAndShield.fbx using Guid(b40499a5812feac4aa7b77f7fbbac11f) Importer(2089858483,0ecaa5967403d082aa24f35e1b516d23) Generated GUIDs only implemented for interfaces!
 -> (artifact id: '96f14ed6c670c16ce0ca8d5e485badb0') in 0.035302 seconds
Number of updated asset objects reloaded before import = 0
Number of asset objects unloaded after import = 112
========================================================================
Received Import Request.
  Time since last request: 0.000016 seconds.
  path: Assets/RPG Tiny Hero Duo/Animation/SwordAndShield/Attack01_SwordAndShiled.fbx
  artifactKey: Guid(db509ad77f9b4f84a8eb1989f589b24c) Importer(2089858483,0ecaa5967403d082aa24f35e1b516d23)
Start importing Assets/RPG Tiny Hero Duo/Animation/SwordAndShield/Attack01_SwordAndShiled.fbx using Guid(db509ad77f9b4f84a8eb1989f589b24c) Importer(2089858483,0ecaa5967403d082aa24f35e1b516d23) Generated GUIDs only implemented for interfaces!
 -> (artifact id: '732d748c1ff34debc6384244f00433d3') in 0.039773 seconds
Number of updated asset objects reloaded before import = 0
Number of asset objects unloaded after import = 112
========================================================================
Received Import Request.
  Time since last request: 0.000016 seconds.
  path: Assets/Blink/Art/Icons/Demo/FreeSpellIcons_Blink.unity
  artifactKey: Guid(59b9c063390dd634fb3e0afe847b7570) Importer(2089858483,0ecaa5967403d082aa24f35e1b516d23)
Start importing Assets/Blink/Art/Icons/Demo/FreeSpellIcons_Blink.unity using Guid(59b9c063390dd634fb3e0afe847b7570) Importer(2089858483,0ecaa5967403d082aa24f35e1b516d23) Generated GUIDs only implemented for interfaces!
 -> (artifact id: '71197116845f0856d2c5dca46194c511') in 0.006115 seconds
Number of updated asset objects reloaded before import = 0
Number of asset objects unloaded after import = 1
========================================================================
Received Import Request.
  Time since last request: 0.000017 seconds.
  path: Assets/RPG Tiny Hero Duo/Animation/SwordAndShield/InPlace/MoveFWD_Normal_InPlace_SwordAndShield.fbx
  artifactKey: Guid(0791e523b7f1b2740a3b1cde42b6aeac) Importer(2089858483,0ecaa5967403d082aa24f35e1b516d23)
Start importing Assets/RPG Tiny Hero Duo/Animation/SwordAndShield/InPlace/MoveFWD_Normal_InPlace_SwordAndShield.fbx using Guid(0791e523b7f1b2740a3b1cde42b6aeac) Importer(2089858483,0ecaa5967403d082aa24f35e1b516d23) Generated GUIDs only implemented for interfaces!
 -> (artifact id: '255c5ab966e976ee34fab37a2623e527') in 0.036572 seconds
Number of updated asset objects reloaded before import = 0
Number of asset objects unloaded after import = 112
========================================================================
Received Import Request.
  Time since last request: 0.000016 seconds.
  path: Assets/Blink/Art/Icons/Classes/Elementalist/Geomancer/Geomancer2.png
  artifactKey: Guid(406984ac0d0fc2c4bbaf906048f7c43e) Importer(2089858483,0ecaa5967403d082aa24f35e1b516d23)
Start importing Assets/Blink/Art/Icons/Classes/Elementalist/Geomancer/Geomancer2.png using Guid(406984ac0d0fc2c4bbaf906048f7c43e) Importer(2089858483,0ecaa5967403d082aa24f35e1b516d23) Generated GUIDs only implemented for interfaces!
 -> (artifact id: '95ee5e0e09c7bc033c6ab3b0b3c1d64c') in 0.053360 seconds
Number of updated asset objects reloaded before import = 0
Number of asset objects unloaded after import = 3
========================================================================
Received Import Request.
  Time since last request: 0.000015 seconds.
  path: Assets/RPG Tiny Hero Duo/Prefab/OHS06PBR.prefab
  artifactKey: Guid(3617e4093ca8d5145986d37c89cfd692) Importer(2089858483,0ecaa5967403d082aa24f35e1b516d23)
Start importing Assets/RPG Tiny Hero Duo/Prefab/OHS06PBR.prefab using Guid(3617e4093ca8d5145986d37c89cfd692) Importer(2089858483,0ecaa5967403d082aa24f35e1b516d23) Generated GUIDs only implemented for interfaces!
 -> (artifact id: '853f4150d9ada6c2d38365855d6fe093') in 0.010451 seconds
Number of updated asset objects reloaded before import = 0
Number of asset objects unloaded after import = 7
========================================================================
Received Import Request.
  Time since last request: 0.000018 seconds.
  path: Assets/Blink/Art/Icons/Classes/Assassin/DemonHunter/DemonHunter20.png
  artifactKey: Guid(63b30c77b2de31d4398b65d935f4713c) Importer(2089858483,0ecaa5967403d082aa24f35e1b516d23)
Start importing Assets/Blink/Art/Icons/Classes/Assassin/DemonHunter/DemonHunter20.png using Guid(63b30c77b2de31d4398b65d935f4713c) Importer(2089858483,0ecaa5967403d082aa24f35e1b516d23) Generated GUIDs only implemented for interfaces!
 -> (artifact id: 'e048af302e9f0f1ef348acc7b79c63d2') in 0.028377 seconds
Number of updated asset objects reloaded before import = 0
Number of asset objects unloaded after import = 3
========================================================================
Received Import Request.
  Time since last request: 0.000023 seconds.
  path: Assets/RPG Tiny Hero Duo/Animation/SwordAndShield/GetHit01_SwordAndShield.fbx
  artifactKey: Guid(c98546b8d8d3ab046afc8acfe706361f) Importer(2089858483,0ecaa5967403d082aa24f35e1b516d23)
Start importing Assets/RPG Tiny Hero Duo/Animation/SwordAndShield/GetHit01_SwordAndShield.fbx using Guid(c98546b8d8d3ab046afc8acfe706361f) Importer(2089858483,0ecaa5967403d082aa24f35e1b516d23) Generated GUIDs only implemented for interfaces!
 -> (artifact id: 'fca1a3d57a6f90f95898e259c56bf509') in 0.036921 seconds
Number of updated asset objects reloaded before import = 0
Number of asset objects unloaded after import = 112
========================================================================
Received Import Request.
  Time since last request: 0.000019 seconds.
  path: Assets/RPG Tiny Hero Duo/Animation/SwordAndShield/InPlace/JumpFull_Normal_InPlace_SwordAndShield.fbx
  artifactKey: Guid(41974026cbc6b884aa451c380d3c6dcb) Importer(2089858483,0ecaa5967403d082aa24f35e1b516d23)
Start importing Assets/RPG Tiny Hero Duo/Animation/SwordAndShield/InPlace/JumpFull_Normal_InPlace_SwordAndShield.fbx using Guid(41974026cbc6b884aa451c380d3c6dcb) Importer(2089858483,0ecaa5967403d082aa24f35e1b516d23) Generated GUIDs only implemented for interfaces!
 -> (artifact id: 'e0e712c3bcdfc50592585d5c4a185503') in 0.037836 seconds
Number of updated asset objects reloaded before import = 0
Number of asset objects unloaded after import = 112
========================================================================
Received Import Request.
  Time since last request: 0.000021 seconds.
  path: Assets/Blink/Art/Icons/Classes/Symbiose/Druid/Druid2.png
  artifactKey: Guid(c3aab7237df394c4890e647a4ae580ea) Importer(2089858483,0ecaa5967403d082aa24f35e1b516d23)
Start importing Assets/Blink/Art/Icons/Classes/Symbiose/Druid/Druid2.png using Guid(c3aab7237df394c4890e647a4ae580ea) Importer(2089858483,0ecaa5967403d082aa24f35e1b516d23) Generated GUIDs only implemented for interfaces!
 -> (artifact id: '8b07651ff8153cdc0acb74804c9ca12c') in 0.025250 seconds
Number of updated asset objects reloaded before import = 0
Number of asset objects unloaded after import = 3
========================================================================
Received Import Request.
  Time since last request: 0.000015 seconds.
  path: Assets/Blink/Art/Icons/Classes/Symbiose/Beastmaster/BeastMaster19.png
  artifactKey: Guid(c46be55a65cb30e44b7c89e3c0d531da) Importer(2089858483,0ecaa5967403d082aa24f35e1b516d23)
Start importing Assets/Blink/Art/Icons/Classes/Symbiose/Beastmaster/BeastMaster19.png using Guid(c46be55a65cb30e44b7c89e3c0d531da) Importer(2089858483,0ecaa5967403d082aa24f35e1b516d23) Generated GUIDs only implemented for interfaces!
 -> (artifact id: '00cb25192f9cbfb777246f957b4ff8e9') in 0.024868 seconds
Number of updated asset objects reloaded before import = 0
Number of asset objects unloaded after import = 3
========================================================================
Received Import Request.
  Time since last request: 0.000014 seconds.
  path: Assets/RPG Tiny Hero Duo/Animator/RootMotion.controller
  artifactKey: Guid(230b755b75de01e42872522beacd71ec) Importer(2089858483,0ecaa5967403d082aa24f35e1b516d23)
Start importing Assets/RPG Tiny Hero Duo/Animator/RootMotion.controller using Guid(230b755b75de01e42872522beacd71ec) Importer(2089858483,0ecaa5967403d082aa24f35e1b516d23) Generated GUIDs only implemented for interfaces!
 -> (artifact id: '1341efa31558e88f7e3d2222f4d5c9a3') in 0.005845 seconds
Number of updated asset objects reloaded before import = 0
Number of asset objects unloaded after import = 4
========================================================================
Received Import Request.
  Time since last request: 0.000016 seconds.
  path: Assets/Blink/Art/Icons/Classes/Elementalist/Cryomancer/Cryomancer17.png
  artifactKey: Guid(f5ab3f534c1138f4786f23cd74103223) Importer(2089858483,0ecaa5967403d082aa24f35e1b516d23)
Start importing Assets/Blink/Art/Icons/Classes/Elementalist/Cryomancer/Cryomancer17.png using Guid(f5ab3f534c1138f4786f23cd74103223) Importer(2089858483,0ecaa5967403d082aa24f35e1b516d23) Generated GUIDs only implemented for interfaces!
 -> (artifact id: '1336020f3b72c6871744b216af6abea4') in 0.026333 seconds
Number of updated asset objects reloaded before import = 0
Number of asset objects unloaded after import = 3
========================================================================
Received Import Request.
  Time since last request: 0.000016 seconds.
  path: Assets/Blink/Art/Icons/Classes/Warrior/Berserker/Berserker10.png
  artifactKey: Guid(2bbebcc9ca74c2c47bc5238486432710) Importer(2089858483,0ecaa5967403d082aa24f35e1b516d23)
Start importing Assets/Blink/Art/Icons/Classes/Warrior/Berserker/Berserker10.png using Guid(2bbebcc9ca74c2c47bc5238486432710) Importer(2089858483,0ecaa5967403d082aa24f35e1b516d23) Generated GUIDs only implemented for interfaces!
 -> (artifact id: '8718637cce9d43b2f5d6ca9e415c7851') in 0.026603 seconds
Number of updated asset objects reloaded before import = 0
Number of asset objects unloaded after import = 3
========================================================================
Received Import Request.
  Time since last request: 0.000016 seconds.
  path: Assets/RPG Tiny Hero Duo/Animation/SwordAndShield/DefendHit_SwordAndShield.fbx
  artifactKey: Guid(655c85429305c154b88f3b9157168e0c) Importer(2089858483,0ecaa5967403d082aa24f35e1b516d23)
Start importing Assets/RPG Tiny Hero Duo/Animation/SwordAndShield/DefendHit_SwordAndShield.fbx using Guid(655c85429305c154b88f3b9157168e0c) Importer(2089858483,0ecaa5967403d082aa24f35e1b516d23) Generated GUIDs only implemented for interfaces!
 -> (artifact id: '0fc82cd15184a28460baa96d1f908604') in 0.037376 seconds
Number of updated asset objects reloaded before import = 0
Number of asset objects unloaded after import = 112
========================================================================
Received Import Request.
  Time since last request: 0.000016 seconds.
  path: Assets/Blink/Art/Icons/Classes/Symbiose/Shapeshifter/ShapeShifter20.png
  artifactKey: Guid(1004daa7515009d4ea9ae2e8b15feda7) Importer(2089858483,0ecaa5967403d082aa24f35e1b516d23)
Start importing Assets/Blink/Art/Icons/Classes/Symbiose/Shapeshifter/ShapeShifter20.png using Guid(1004daa7515009d4ea9ae2e8b15feda7) Importer(2089858483,0ecaa5967403d082aa24f35e1b516d23) Generated GUIDs only implemented for interfaces!
 -> (artifact id: '3d61a99e165e338015297bcd0704afbb') in 0.023930 seconds
Number of updated asset objects reloaded before import = 0
Number of asset objects unloaded after import = 3
========================================================================
Received Import Request.
  Time since last request: 0.000029 seconds.
  path: Assets/RPG Tiny Hero Duo/Prefab/MaleCharacterPBR.prefab
  artifactKey: Guid(2dfbb63c9cdf7504faf4ff26b0581598) Importer(2089858483,0ecaa5967403d082aa24f35e1b516d23)
Start importing Assets/RPG Tiny Hero Duo/Prefab/MaleCharacterPBR.prefab using Guid(2dfbb63c9cdf7504faf4ff26b0581598) Importer(2089858483,0ecaa5967403d082aa24f35e1b516d23) Generated GUIDs only implemented for interfaces!
 -> (artifact id: '4b40795f003a17d9217b5a6c08c945ae') in 0.039730 seconds
Number of updated asset objects reloaded before import = 0
Number of asset objects unloaded after import = 234
========================================================================
Received Import Request.
  Time since last request: 0.000027 seconds.
  path: Assets/Scripts/Player.cs
  artifactKey: Guid(ef20cdadc574726428d7c139791dcbac) Importer(2089858483,0ecaa5967403d082aa24f35e1b516d23)
Start importing Assets/Scripts/Player.cs using Guid(ef20cdadc574726428d7c139791dcbac) Importer(2089858483,0ecaa5967403d082aa24f35e1b516d23) Generated GUIDs only implemented for interfaces!
 -> (artifact id: 'd38bb706b67fe231c67d38ca5a62fe35') in 0.006468 seconds
Number of updated asset objects reloaded before import = 0
Number of asset objects unloaded after import = 1
========================================================================
Received Import Request.
  Time since last request: 0.000016 seconds.
  path: Assets/RPG Tiny Hero Duo/Animator/Attack04_Spinning_SwordAndShield.fbx
  artifactKey: Guid(5729b70d60fdcac45bd03f32c0b8dbea) Importer(2089858483,0ecaa5967403d082aa24f35e1b516d23)
Start importing Assets/RPG Tiny Hero Duo/Animator/Attack04_Spinning_SwordAndShield.fbx using Guid(5729b70d60fdcac45bd03f32c0b8dbea) Importer(2089858483,0ecaa5967403d082aa24f35e1b516d23) Generated GUIDs only implemented for interfaces!
 -> (artifact id: 'cf96b66ba9bf5a3f2e65135c8e9ad3f9') in 0.042923 seconds
Number of updated asset objects reloaded before import = 0
Number of asset objects unloaded after import = 112
========================================================================
Received Import Request.
  Time since last request: 0.000017 seconds.
  path: Assets/RPG Tiny Hero Duo/Mesh/OHS06Polyart.fbx
  artifactKey: Guid(892e5ad366182fd4f823a971e9e16281) Importer(2089858483,0ecaa5967403d082aa24f35e1b516d23)
Start importing Assets/RPG Tiny Hero Duo/Mesh/OHS06Polyart.fbx using Guid(892e5ad366182fd4f823a971e9e16281) Importer(2089858483,0ecaa5967403d082aa24f35e1b516d23) Generated GUIDs only implemented for interfaces!
 -> (artifact id: '7f7c702a5ca2fc0e4692ab6afe94830f') in 0.023010 seconds
Number of updated asset objects reloaded before import = 0
Number of asset objects unloaded after import = 7
========================================================================
Received Import Request.
  Time since last request: 0.000023 seconds.
  path: Assets/RPG Tiny Hero Duo/Texture/Emission.png
  artifactKey: Guid(a0ee9d562ffda6346b2a681ad69d73e2) Importer(2089858483,0ecaa5967403d082aa24f35e1b516d23)
Start importing Assets/RPG Tiny Hero Duo/Texture/Emission.png using Guid(a0ee9d562ffda6346b2a681ad69d73e2) Importer(2089858483,0ecaa5967403d082aa24f35e1b516d23) Generated GUIDs only implemented for interfaces!
 -> (artifact id: '9c2a06a614407d89896e6881be3733ff') in 0.024918 seconds
Number of updated asset objects reloaded before import = 0
Number of asset objects unloaded after import = 1
========================================================================
Received Import Request.
  Time since last request: 0.000020 seconds.
  path: Assets/Blink/Art/Icons/Classes/Symbiose/Druid/Druid9.png
  artifactKey: Guid(824a48daf7b55394e80e1df5048db839) Importer(2089858483,0ecaa5967403d082aa24f35e1b516d23)
Start importing Assets/Blink/Art/Icons/Classes/Symbiose/Druid/Druid9.png using Guid(824a48daf7b55394e80e1df5048db839) Importer(2089858483,0ecaa5967403d082aa24f35e1b516d23) Generated GUIDs only implemented for interfaces!
 -> (artifact id: '6d564820279e41f6044db8cdb0b256b2') in 0.026872 seconds
Number of updated asset objects reloaded before import = 0
Number of asset objects unloaded after import = 3
========================================================================
Received Import Request.
  Time since last request: 0.000018 seconds.
  path: Assets/RPG Tiny Hero Duo/Animation/SwordAndShield/Idle_Battle_SwordAndShiled.fbx
  artifactKey: Guid(0308cf4e83cf517488b60af58b290fe0) Importer(2089858483,0ecaa5967403d082aa24f35e1b516d23)
Start importing Assets/RPG Tiny Hero Duo/Animation/SwordAndShield/Idle_Battle_SwordAndShiled.fbx using Guid(0308cf4e83cf517488b60af58b290fe0) Importer(2089858483,0ecaa5967403d082aa24f35e1b516d23) Generated GUIDs only implemented for interfaces!
 -> (artifact id: '58326a4bb6330bc61fd6062fef5f04bd') in 0.048497 seconds
Number of updated asset objects reloaded before import = 0
Number of asset objects unloaded after import = 113
========================================================================
Received Import Request.
  Time since last request: 0.000020 seconds.
  path: Assets/RPG Tiny Hero Duo/Prefab/OHS03Polyart.prefab
  artifactKey: Guid(f0aae4c8b38e02e48a4124483b105340) Importer(2089858483,0ecaa5967403d082aa24f35e1b516d23)
Start importing Assets/RPG Tiny Hero Duo/Prefab/OHS03Polyart.prefab using Guid(f0aae4c8b38e02e48a4124483b105340) Importer(2089858483,0ecaa5967403d082aa24f35e1b516d23) Generated GUIDs only implemented for interfaces!
 -> (artifact id: '0ee748ccc5b614896a7cd86c6d33d36c') in 0.009702 seconds
Number of updated asset objects reloaded before import = 0
Number of asset objects unloaded after import = 7
========================================================================
Received Import Request.
  Time since last request: 0.000022 seconds.
  path: Assets/RPG Tiny Hero Duo/Mesh/ModularCharacterPBR.fbx
  artifactKey: Guid(34b0895dfc863f742aa5075a4e691859) Importer(2089858483,0ecaa5967403d082aa24f35e1b516d23)
Start importing Assets/RPG Tiny Hero Duo/Mesh/ModularCharacterPBR.fbx using Guid(34b0895dfc863f742aa5075a4e691859) Importer(2089858483,0ecaa5967403d082aa24f35e1b516d23) Generated GUIDs only implemented for interfaces!
 -> (artifact id: 'c60cf02f33bb16426b7097a953db1f7c') in 0.029631 seconds
Number of updated asset objects reloaded before import = 0
Number of asset objects unloaded after import = 147
========================================================================
Received Import Request.
  Time since last request: 0.000018 seconds.
  path: Assets/RPG Tiny Hero Duo/Scene/PolyartScene.unity
  artifactKey: Guid(f08cd05d33382c649a328c6e57dc3ec8) Importer(2089858483,0ecaa5967403d082aa24f35e1b516d23)
Start importing Assets/RPG Tiny Hero Duo/Scene/PolyartScene.unity using Guid(f08cd05d33382c649a328c6e57dc3ec8) Importer(2089858483,0ecaa5967403d082aa24f35e1b516d23) Generated GUIDs only implemented for interfaces!
 -> (artifact id: 'b3845ddf7ae72b4d8c4cdd50a32d1478') in 0.004667 seconds
Number of updated asset objects reloaded before import = 0
Number of asset objects unloaded after import = 1
========================================================================
Received Import Request.
  Time since last request: 0.000038 seconds.
  path: Assets/Blink/Art/Icons/Classes/HolyDarkness/Priest/Priest8.png
  artifactKey: Guid(feb8709f10385a94095b55fe8d0f625c) Importer(2089858483,0ecaa5967403d082aa24f35e1b516d23)
Start importing Assets/Blink/Art/Icons/Classes/HolyDarkness/Priest/Priest8.png using Guid(feb8709f10385a94095b55fe8d0f625c) Importer(2089858483,0ecaa5967403d082aa24f35e1b516d23) Generated GUIDs only implemented for interfaces!
 -> (artifact id: '39ec482eb80de2140613a723c4956efc') in 0.025614 seconds
Number of updated asset objects reloaded before import = 0
Number of asset objects unloaded after import = 3
========================================================================
Received Import Request.
  Time since last request: 0.000015 seconds.
  path: Assets/Blink/Art/Icons/Classes/Assassin/Brawler/Brawler18.png
  artifactKey: Guid(d473e35d9c998d443a00d04000f893e5) Importer(2089858483,0ecaa5967403d082aa24f35e1b516d23)
Start importing Assets/Blink/Art/Icons/Classes/Assassin/Brawler/Brawler18.png using Guid(d473e35d9c998d443a00d04000f893e5) Importer(2089858483,0ecaa5967403d082aa24f35e1b516d23) Generated GUIDs only implemented for interfaces!
 -> (artifact id: '456ecd975233cefc88ab63a656f06041') in 0.025970 seconds
Number of updated asset objects reloaded before import = 0
Number of asset objects unloaded after import = 3
========================================================================
Received Import Request.
  Time since last request: 0.000019 seconds.
  path: Assets/Blink/Art/Icons/Classes/Warrior/Guardian/Guardian8.png
  artifactKey: Guid(8a96b38c76be79946a150249547b07bc) Importer(2089858483,0ecaa5967403d082aa24f35e1b516d23)
Start importing Assets/Blink/Art/Icons/Classes/Warrior/Guardian/Guardian8.png using Guid(8a96b38c76be79946a150249547b07bc) Importer(2089858483,0ecaa5967403d082aa24f35e1b516d23) Generated GUIDs only implemented for interfaces!
 -> (artifact id: 'c80e8b46b8cedfcfaf8a0eb6bb8ef5d6') in 0.029162 seconds
Number of updated asset objects reloaded before import = 0
Number of asset objects unloaded after import = 3
========================================================================
Received Import Request.
  Time since last request: 0.000019 seconds.
  path: Assets/Blink/Art/Icons/Classes/Warrior/Dragonknight/Dragonknight18.png
  artifactKey: Guid(e8a68fd17ce42174e9b24babd0ae6629) Importer(2089858483,0ecaa5967403d082aa24f35e1b516d23)
Start importing Assets/Blink/Art/Icons/Classes/Warrior/Dragonknight/Dragonknight18.png using Guid(e8a68fd17ce42174e9b24babd0ae6629) Importer(2089858483,0ecaa5967403d082aa24f35e1b516d23) Generated GUIDs only implemented for interfaces!
 -> (artifact id: '4a9cc7dbf1eb8e014fc3203de88358bb') in 0.030201 seconds
Number of updated asset objects reloaded before import = 0
Number of asset objects unloaded after import = 3
========================================================================
Received Import Request.
  Time since last request: 0.000016 seconds.
  path: Assets/Blink/Art/Icons/Classes/Elementalist/Cryomancer/Cryomancer4.png
  artifactKey: Guid(2bccd332882fcd14b9e4c377e432c587) Importer(2089858483,0ecaa5967403d082aa24f35e1b516d23)
Start importing Assets/Blink/Art/Icons/Classes/Elementalist/Cryomancer/Cryomancer4.png using Guid(2bccd332882fcd14b9e4c377e432c587) Importer(2089858483,0ecaa5967403d082aa24f35e1b516d23) Generated GUIDs only implemented for interfaces!
 -> (artifact id: 'f6dbfb69dc6329066b129cfc9607b1d7') in 0.030451 seconds
Number of updated asset objects reloaded before import = 0
Number of asset objects unloaded after import = 3
========================================================================
Received Import Request.
  Time since last request: 0.000019 seconds.
  path: Assets/RPG Tiny Hero Duo/Animation/SwordAndShield/RootMotion/MoveLFT_Battle_RM_SwordAndShield.fbx
  artifactKey: Guid(0451bbf0d5f172a40ac47fdb6d799f2f) Importer(2089858483,0ecaa5967403d082aa24f35e1b516d23)
Start importing Assets/RPG Tiny Hero Duo/Animation/SwordAndShield/RootMotion/MoveLFT_Battle_RM_SwordAndShield.fbx using Guid(0451bbf0d5f172a40ac47fdb6d799f2f) Importer(2089858483,0ecaa5967403d082aa24f35e1b516d23) Generated GUIDs only implemented for interfaces!
 -> (artifact id: '9ae286ce60989eda19fc6f047de19213') in 0.043124 seconds
Number of updated asset objects reloaded before import = 0
Number of asset objects unloaded after import = 112
========================================================================
Received Import Request.
  Time since last request: 0.000019 seconds.
  path: Assets/Blink/Art/Icons/Classes/HolyDarkness/Priest/Priest13.png
  artifactKey: Guid(0ad2337320c1b5841ba3ceb24de6e91a) Importer(2089858483,0ecaa5967403d082aa24f35e1b516d23)
Start importing Assets/Blink/Art/Icons/Classes/HolyDarkness/Priest/Priest13.png using Guid(0ad2337320c1b5841ba3ceb24de6e91a) Importer(2089858483,0ecaa5967403d082aa24f35e1b516d23) Generated GUIDs only implemented for interfaces!
 -> (artifact id: 'b24684519f58ad7fc4b42e2d4e813651') in 0.025768 seconds
Number of updated asset objects reloaded before import = 0
Number of asset objects unloaded after import = 3
========================================================================
Received Import Request.
  Time since last request: 0.000024 seconds.
  path: Assets/RPG Tiny Hero Duo/Mesh/Shield05PBR.fbx
  artifactKey: Guid(99054bc45d8ad7442b1e413b0e260ca7) Importer(2089858483,0ecaa5967403d082aa24f35e1b516d23)
Start importing Assets/RPG Tiny Hero Duo/Mesh/Shield05PBR.fbx using Guid(99054bc45d8ad7442b1e413b0e260ca7) Importer(2089858483,0ecaa5967403d082aa24f35e1b516d23) Generated GUIDs only implemented for interfaces!
 -> (artifact id: 'be657bd4dde3c90f02c7f6af6580b522') in 0.023013 seconds
Number of updated asset objects reloaded before import = 0
Number of asset objects unloaded after import = 8
========================================================================
Received Import Request.
  Time since last request: 0.000016 seconds.
  path: Assets/Blink/Art/Icons/Classes/Assassin/Ranger/Ranger7.png
  artifactKey: Guid(530bcabb1501d8148a19a77465ecac03) Importer(2089858483,0ecaa5967403d082aa24f35e1b516d23)
Start importing Assets/Blink/Art/Icons/Classes/Assassin/Ranger/Ranger7.png using Guid(530bcabb1501d8148a19a77465ecac03) Importer(2089858483,0ecaa5967403d082aa24f35e1b516d23) Generated GUIDs only implemented for interfaces!
 -> (artifact id: '3efe7eb87eaceb6ff54af1044a1c5e02') in 0.027927 seconds
Number of updated asset objects reloaded before import = 0
Number of asset objects unloaded after import = 3
========================================================================
Received Import Request.
  Time since last request: 0.000017 seconds.
  path: Assets/Blink/Art/Icons/Classes/HolyDarkness/Cultist/Cultist12.png
  artifactKey: Guid(e691198d56e3a1848b5009e1ff94dbb5) Importer(2089858483,0ecaa5967403d082aa24f35e1b516d23)
Start importing Assets/Blink/Art/Icons/Classes/HolyDarkness/Cultist/Cultist12.png using Guid(e691198d56e3a1848b5009e1ff94dbb5) Importer(2089858483,0ecaa5967403d082aa24f35e1b516d23) Generated GUIDs only implemented for interfaces!
 -> (artifact id: 'a27c94d80a58d23fa5f04b1bc2a51604') in 0.024043 seconds
Number of updated asset objects reloaded before import = 0
Number of asset objects unloaded after import = 3
========================================================================
Received Import Request.
  Time since last request: 0.000014 seconds.
  path: Assets/RPG Tiny Hero Duo/Animation/SwordAndShield/RootMotion/MoveBWD_Battle_RM_SwordAndShield.fbx
  artifactKey: Guid(320724e8ef4b93d458cfaace85217d1c) Importer(2089858483,0ecaa5967403d082aa24f35e1b516d23)
Start importing Assets/RPG Tiny Hero Duo/Animation/SwordAndShield/RootMotion/MoveBWD_Battle_RM_SwordAndShield.fbx using Guid(320724e8ef4b93d458cfaace85217d1c) Importer(2089858483,0ecaa5967403d082aa24f35e1b516d23) Generated GUIDs only implemented for interfaces!
 -> (artifact id: '271085576c46e0d7e3cfde85eddfffed') in 0.031936 seconds
Number of updated asset objects reloaded before import = 0
Number of asset objects unloaded after import = 112
========================================================================
Received Import Request.
  Time since last request: 0.000014 seconds.
  path: Assets/RPG Tiny Hero Duo/Animation/SwordAndShield/Attack04_SwordAndShiled.fbx
  artifactKey: Guid(b267a2c210dbd1d4badc3f270df6d12d) Importer(2089858483,0ecaa5967403d082aa24f35e1b516d23)
Start importing Assets/RPG Tiny Hero Duo/Animation/SwordAndShield/Attack04_SwordAndShiled.fbx using Guid(b267a2c210dbd1d4badc3f270df6d12d) Importer(2089858483,0ecaa5967403d082aa24f35e1b516d23) Generated GUIDs only implemented for interfaces!
 -> (artifact id: '4f74d42571838218c89d4eedc512a73e') in 0.035789 seconds
Number of updated asset objects reloaded before import = 0
Number of asset objects unloaded after import = 112
========================================================================
Received Import Request.
  Time since last request: 0.000015 seconds.
  path: Assets/RPG Tiny Hero Duo/Animation/SwordAndShield/Defend_SwordAndShield.fbx
  artifactKey: Guid(61f2c64d4f97d9f459a1d367eb16fb13) Importer(2089858483,0ecaa5967403d082aa24f35e1b516d23)
Start importing Assets/RPG Tiny Hero Duo/Animation/SwordAndShield/Defend_SwordAndShield.fbx using Guid(61f2c64d4f97d9f459a1d367eb16fb13) Importer(2089858483,0ecaa5967403d082aa24f35e1b516d23) Generated GUIDs only implemented for interfaces!
 -> (artifact id: 'caec999cb4118fbd05345c793ead658d') in 0.033101 seconds
Number of updated asset objects reloaded before import = 0
Number of asset objects unloaded after import = 112
========================================================================
Received Import Request.
  Time since last request: 0.000015 seconds.
  path: Assets/RPG Tiny Hero Duo/Prefab/FemaleCharacterPBR.prefab
  artifactKey: Guid(cc91c8ba8b9a34f4d99e70d721f60b64) Importer(2089858483,0ecaa5967403d082aa24f35e1b516d23)
Start importing Assets/RPG Tiny Hero Duo/Prefab/FemaleCharacterPBR.prefab using Guid(cc91c8ba8b9a34f4d99e70d721f60b64) Importer(2089858483,0ecaa5967403d082aa24f35e1b516d23) Generated GUIDs only implemented for interfaces!
 -> (artifact id: 'd0aee1b273d2b8b2bafc1759a74d9b85') in 0.027103 seconds
Number of updated asset objects reloaded before import = 0
Number of asset objects unloaded after import = 234
========================================================================
Received Import Request.
  Time since last request: 0.000021 seconds.
  path: Assets/RPG Tiny Hero Duo/Animation/SwordAndShield/InPlace/MoveRGT_Battle_InPlace_SwordAndShield.fbx
  artifactKey: Guid(f531fd2d5a6a8a440b5d450e029c4041) Importer(2089858483,0ecaa5967403d082aa24f35e1b516d23)
Start importing Assets/RPG Tiny Hero Duo/Animation/SwordAndShield/InPlace/MoveRGT_Battle_InPlace_SwordAndShield.fbx using Guid(f531fd2d5a6a8a440b5d450e029c4041) Importer(2089858483,0ecaa5967403d082aa24f35e1b516d23) Generated GUIDs only implemented for interfaces!
 -> (artifact id: '61efcd42b95e84dd22abfd9ca94ce545') in 0.034905 seconds
Number of updated asset objects reloaded before import = 0
Number of asset objects unloaded after import = 112
========================================================================
Received Import Request.
  Time since last request: 0.000022 seconds.
  path: Assets/Blink/Art/Icons/Classes/HolyDarkness/Necromancer/Necromancer3.png
  artifactKey: Guid(eac3e2cd2f3070a4cb2521c534e1964f) Importer(2089858483,0ecaa5967403d082aa24f35e1b516d23)
Start importing Assets/Blink/Art/Icons/Classes/HolyDarkness/Necromancer/Necromancer3.png using Guid(eac3e2cd2f3070a4cb2521c534e1964f) Importer(2089858483,0ecaa5967403d082aa24f35e1b516d23) Generated GUIDs only implemented for interfaces!
 -> (artifact id: 'ded3c078a3ccb4b7b4f160736c10c0a3') in 0.025021 seconds
Number of updated asset objects reloaded before import = 0
Number of asset objects unloaded after import = 3
========================================================================
Received Import Request.
  Time since last request: 0.000015 seconds.
  path: Assets/Blink/Art/Icons/Classes/Symbiose/Beastmaster/BeastMaster4.png
  artifactKey: Guid(030d61925e2f98f4d86e171153ec39e1) Importer(2089858483,0ecaa5967403d082aa24f35e1b516d23)
Start importing Assets/Blink/Art/Icons/Classes/Symbiose/Beastmaster/BeastMaster4.png using Guid(030d61925e2f98f4d86e171153ec39e1) Importer(2089858483,0ecaa5967403d082aa24f35e1b516d23) Generated GUIDs only implemented for interfaces!
 -> (artifact id: 'f23ab45111e3e61b72defdb91fbf87e6') in 0.021921 seconds
Number of updated asset objects reloaded before import = 0
Number of asset objects unloaded after import = 3
========================================================================
Received Import Request.
  Time since last request: 0.000068 seconds.
  path: Assets/Blink/Art/Icons/Classes/Warrior/Guardian/Guardian20.png
  artifactKey: Guid(b066c869b51f9384fa8ac9cce36b4648) Importer(2089858483,0ecaa5967403d082aa24f35e1b516d23)
Start importing Assets/Blink/Art/Icons/Classes/Warrior/Guardian/Guardian20.png using Guid(b066c869b51f9384fa8ac9cce36b4648) Importer(2089858483,0ecaa5967403d082aa24f35e1b516d23) Generated GUIDs only implemented for interfaces!
 -> (artifact id: 'a593307268ce0871c552a15b8fbb03eb') in 0.022840 seconds
Number of updated asset objects reloaded before import = 0
Number of asset objects unloaded after import = 3
========================================================================
Received Import Request.
  Time since last request: 0.000051 seconds.
  path: Assets/RPG Tiny Hero Duo/Prefab/MaleCharacterPolyart.prefab
  artifactKey: Guid(c564c8c0d0cdc45429417f315e9f3e41) Importer(2089858483,0ecaa5967403d082aa24f35e1b516d23)
Start importing Assets/RPG Tiny Hero Duo/Prefab/MaleCharacterPolyart.prefab using Guid(c564c8c0d0cdc45429417f315e9f3e41) Importer(2089858483,0ecaa5967403d082aa24f35e1b516d23) Generated GUIDs only implemented for interfaces!
 -> (artifact id: 'a86c49bdc1fdb59044de26d19b1a369b') in 0.026921 seconds
Number of updated asset objects reloaded before import = 0
Number of asset objects unloaded after import = 230
========================================================================
Received Import Request.
  Time since last request: 0.000020 seconds.
  path: Assets/RPG Tiny Hero Duo/Animation/SwordAndShield/RootMotion/MoveFWD_Battle_RM_SwordAndShield.fbx
  artifactKey: Guid(8bcf8cfd96eeb4040a37e9e44d89a841) Importer(2089858483,0ecaa5967403d082aa24f35e1b516d23)
Start importing Assets/RPG Tiny Hero Duo/Animation/SwordAndShield/RootMotion/MoveFWD_Battle_RM_SwordAndShield.fbx using Guid(8bcf8cfd96eeb4040a37e9e44d89a841) Importer(2089858483,0ecaa5967403d082aa24f35e1b516d23) Generated GUIDs only implemented for interfaces!
 -> (artifact id: '9626bb905724c8d2bf1672578be78437') in 0.033135 seconds
Number of updated asset objects reloaded before import = 0
Number of asset objects unloaded after import = 112
========================================================================
Received Import Request.
  Time since last request: 0.000014 seconds.
  path: Assets/RPG Tiny Hero Duo/Animation/SwordAndShield/InPlace/JumpEnd_Normal_InPlace_SwordAndShield.fbx
  artifactKey: Guid(8b662f6fbb996ba429182e54857361d3) Importer(2089858483,0ecaa5967403d082aa24f35e1b516d23)
Start importing Assets/RPG Tiny Hero Duo/Animation/SwordAndShield/InPlace/JumpEnd_Normal_InPlace_SwordAndShield.fbx using Guid(8b662f6fbb996ba429182e54857361d3) Importer(2089858483,0ecaa5967403d082aa24f35e1b516d23) Generated GUIDs only implemented for interfaces!
 -> (artifact id: '9d3019e73bd6631d8ba3c0bbef18bc3f') in 0.033986 seconds
Number of updated asset objects reloaded before import = 0
Number of asset objects unloaded after import = 112
========================================================================
Received Import Request.
  Time since last request: 0.000015 seconds.
  path: Assets/RPG Tiny Hero Duo/Animation/SwordAndShield/RootMotion/JumpFull_Normal_RM_SwordAndShield.fbx
  artifactKey: Guid(dd2792b75214ec24793124d449bacd3a) Importer(2089858483,0ecaa5967403d082aa24f35e1b516d23)
Start importing Assets/RPG Tiny Hero Duo/Animation/SwordAndShield/RootMotion/JumpFull_Normal_RM_SwordAndShield.fbx using Guid(dd2792b75214ec24793124d449bacd3a) Importer(2089858483,0ecaa5967403d082aa24f35e1b516d23) Generated GUIDs only implemented for interfaces!
 -> (artifact id: 'fbbee3ea1f024b30a95e8da7fd9c31b5') in 0.033827 seconds
Number of updated asset objects reloaded before import = 0
Number of asset objects unloaded after import = 112
========================================================================
Received Import Request.
  Time since last request: 0.000015 seconds.
  path: Assets/RPG Tiny Hero Duo/Animation/SwordAndShield/GetUp_SwordAndShield.fbx
  artifactKey: Guid(4e1dc6b0156559b4ca64937d40514fb5) Importer(2089858483,0ecaa5967403d082aa24f35e1b516d23)
Start importing Assets/RPG Tiny Hero Duo/Animation/SwordAndShield/GetUp_SwordAndShield.fbx using Guid(4e1dc6b0156559b4ca64937d40514fb5) Importer(2089858483,0ecaa5967403d082aa24f35e1b516d23) Generated GUIDs only implemented for interfaces!
 -> (artifact id: 'b9594afffa5c4c7df17ff0de16e0dc46') in 0.036274 seconds
Number of updated asset objects reloaded before import = 0
Number of asset objects unloaded after import = 112
========================================================================
Received Import Request.
  Time since last request: 0.000017 seconds.
  path: Assets/RPG Tiny Hero Duo/Material/PBR_Default.mat
  artifactKey: Guid(f323cced30244554986ee5e9f5dd8b67) Importer(2089858483,0ecaa5967403d082aa24f35e1b516d23)
Start importing Assets/RPG Tiny Hero Duo/Material/PBR_Default.mat using Guid(f323cced30244554986ee5e9f5dd8b67) Importer(2089858483,0ecaa5967403d082aa24f35e1b516d23) Generated GUIDs only implemented for interfaces!
 -> (artifact id: '024b64a6ef1828f41219d670c7c2fc63') in 0.008728 seconds
Number of updated asset objects reloaded before import = 0
Number of asset objects unloaded after import = 4
========================================================================
Received Import Request.
  Time since last request: 0.000019 seconds.
  path: Assets/RPG Tiny Hero Duo/Prefab/Shield05Polyart.prefab
  artifactKey: Guid(f06068434cc02c941bd2b282c8d154ef) Importer(2089858483,0ecaa5967403d082aa24f35e1b516d23)
Start importing Assets/RPG Tiny Hero Duo/Prefab/Shield05Polyart.prefab using Guid(f06068434cc02c941bd2b282c8d154ef) Importer(2089858483,0ecaa5967403d082aa24f35e1b516d23) Generated GUIDs only implemented for interfaces!
 -> (artifact id: '639e95183e5d3f0b42c2670fce685c0b') in 0.007118 seconds
Number of updated asset objects reloaded before import = 0
Number of asset objects unloaded after import = 7
========================================================================
Received Import Request.
  Time since last request: 0.000015 seconds.
  path: Assets/Blink/Art/Icons/Classes/Assassin/DemonHunter/DemonHunter8.png
  artifactKey: Guid(51dcbb3542a768b49ac5942bd2a0c8bb) Importer(2089858483,0ecaa5967403d082aa24f35e1b516d23)
Start importing Assets/Blink/Art/Icons/Classes/Assassin/DemonHunter/DemonHunter8.png using Guid(51dcbb3542a768b49ac5942bd2a0c8bb) Importer(2089858483,0ecaa5967403d082aa24f35e1b516d23) Generated GUIDs only implemented for interfaces!
 -> (artifact id: '87ea194094b939a1d95508bdd0639c85') in 0.021385 seconds
Number of updated asset objects reloaded before import = 0
Number of asset objects unloaded after import = 3
========================================================================
Received Import Request.
  Time since last request: 0.000015 seconds.
  path: Assets/RPG Tiny Hero Duo/Prefab/Shield05PBR.prefab
  artifactKey: Guid(ac86f8ddca59acb4184d3eb42067bafa) Importer(2089858483,0ecaa5967403d082aa24f35e1b516d23)
Start importing Assets/RPG Tiny Hero Duo/Prefab/Shield05PBR.prefab using Guid(ac86f8ddca59acb4184d3eb42067bafa) Importer(2089858483,0ecaa5967403d082aa24f35e1b516d23) Generated GUIDs only implemented for interfaces!
 -> (artifact id: '53e3f5cc8c83ad91c6c240790d6d779f') in 0.007370 seconds
Number of updated asset objects reloaded before import = 0
Number of asset objects unloaded after import = 7
========================================================================
Received Import Request.
  Time since last request: 0.000019 seconds.
  path: Assets/RPG Tiny Hero Duo/Mesh/OHS06PBR.fbx
  artifactKey: Guid(8e583e9185af1be4e9dd6f501e6fe7d4) Importer(2089858483,0ecaa5967403d082aa24f35e1b516d23)
Start importing Assets/RPG Tiny Hero Duo/Mesh/OHS06PBR.fbx using Guid(8e583e9185af1be4e9dd6f501e6fe7d4) Importer(2089858483,0ecaa5967403d082aa24f35e1b516d23) Generated GUIDs only implemented for interfaces!
 -> (artifact id: '2ffb8ed75f4a71b2d94d65b4e7b55643') in 0.018634 seconds
Number of updated asset objects reloaded before import = 0
Number of asset objects unloaded after import = 8
========================================================================
Received Import Request.
  Time since last request: 0.000015 seconds.
  path: Assets/RPG Tiny Hero Duo/Mesh/Shield08Polyart.fbx
  artifactKey: Guid(c987a0ed5f8902041b988ba78a977080) Importer(2089858483,0ecaa5967403d082aa24f35e1b516d23)
Start importing Assets/RPG Tiny Hero Duo/Mesh/Shield08Polyart.fbx using Guid(c987a0ed5f8902041b988ba78a977080) Importer(2089858483,0ecaa5967403d082aa24f35e1b516d23) Generated GUIDs only implemented for interfaces!
 -> (artifact id: 'b906ec612dfb46c16e41db390d454009') in 0.015184 seconds
Number of updated asset objects reloaded before import = 0
Number of asset objects unloaded after import = 7
========================================================================
Received Import Request.
  Time since last request: 0.000014 seconds.
  path: Assets/RPG Tiny Hero Duo/Prefab/Shield08PBR.prefab
  artifactKey: Guid(573036acf9f1e0c42845dddc25cea245) Importer(2089858483,0ecaa5967403d082aa24f35e1b516d23)
Start importing Assets/RPG Tiny Hero Duo/Prefab/Shield08PBR.prefab using Guid(573036acf9f1e0c42845dddc25cea245) Importer(2089858483,0ecaa5967403d082aa24f35e1b516d23) Generated GUIDs only implemented for interfaces!
 -> (artifact id: '3123063330186ec1b211558c110c9aca') in 0.007596 seconds
Number of updated asset objects reloaded before import = 0
Number of asset objects unloaded after import = 7
========================================================================
Received Import Request.
  Time since last request: 0.000014 seconds.
  path: Assets/RPG Tiny Hero Duo/Animation/SwordAndShield/InPlace/JumpFull_Spin_InPlace_SwordAndShield.fbx
  artifactKey: Guid(b5bfe52205c4a874991178073ad7989c) Importer(2089858483,0ecaa5967403d082aa24f35e1b516d23)
Start importing Assets/RPG Tiny Hero Duo/Animation/SwordAndShield/InPlace/JumpFull_Spin_InPlace_SwordAndShield.fbx using Guid(b5bfe52205c4a874991178073ad7989c) Importer(2089858483,0ecaa5967403d082aa24f35e1b516d23) Generated GUIDs only implemented for interfaces!
 -> (artifact id: 'a3f3edf4f980aa67fe4808558c2ca2c7') in 0.032737 seconds
Number of updated asset objects reloaded before import = 0
Number of asset objects unloaded after import = 112
========================================================================
Received Import Request.
  Time since last request: 0.000012 seconds.
  path: Assets/Blink/Art/Icons/Classes/Symbiose/Shaman/Shaman1.png
  artifactKey: Guid(25126c248902e8347a4a2f96259cb92b) Importer(2089858483,0ecaa5967403d082aa24f35e1b516d23)
Start importing Assets/Blink/Art/Icons/Classes/Symbiose/Shaman/Shaman1.png using Guid(25126c248902e8347a4a2f96259cb92b) Importer(2089858483,0ecaa5967403d082aa24f35e1b516d23) Generated GUIDs only implemented for interfaces!
 -> (artifact id: '6f689317db91a51e7c78e058ffc215ec') in 0.024272 seconds
Number of updated asset objects reloaded before import = 0
Number of asset objects unloaded after import = 3
========================================================================
Received Import Request.
  Time since last request: 0.000016 seconds.
  path: Assets/Blink/Art/Icons/Classes/Elementalist/Arcanist/Arcanist15.png
  artifactKey: Guid(cdec13907ffc75749ab2ed436bec6b14) Importer(2089858483,0ecaa5967403d082aa24f35e1b516d23)
Start importing Assets/Blink/Art/Icons/Classes/Elementalist/Arcanist/Arcanist15.png using Guid(cdec13907ffc75749ab2ed436bec6b14) Importer(2089858483,0ecaa5967403d082aa24f35e1b516d23) Generated GUIDs only implemented for interfaces!
 -> (artifact id: '10830efa1bb1b374e8a8226ad2c518a5') in 0.022098 seconds
Number of updated asset objects reloaded before import = 0
Number of asset objects unloaded after import = 3
========================================================================
Received Import Request.
  Time since last request: 0.000013 seconds.
  path: Assets/RPG Tiny Hero Duo/Prefab/OHS03PBR.prefab
  artifactKey: Guid(9fbe61d1f4bc091439f25f985dd189a5) Importer(2089858483,0ecaa5967403d082aa24f35e1b516d23)
Start importing Assets/RPG Tiny Hero Duo/Prefab/OHS03PBR.prefab using Guid(9fbe61d1f4bc091439f25f985dd189a5) Importer(2089858483,0ecaa5967403d082aa24f35e1b516d23) Generated GUIDs only implemented for interfaces!
 -> (artifact id: '49472c0222bb62ea55e0fe3f393d6b2a') in 0.008175 seconds
Number of updated asset objects reloaded before import = 0
Number of asset objects unloaded after import = 7
========================================================================
Received Import Request.
  Time since last request: 0.000014 seconds.
  path: Assets/RPG Tiny Hero Duo/Texture/MetallicSmoothness.png
  artifactKey: Guid(2b33ecf7ab8baf5488638fd4a2fab00b) Importer(2089858483,0ecaa5967403d082aa24f35e1b516d23)
Start importing Assets/RPG Tiny Hero Duo/Texture/MetallicSmoothness.png using Guid(2b33ecf7ab8baf5488638fd4a2fab00b) Importer(2089858483,0ecaa5967403d082aa24f35e1b516d23) Generated GUIDs only implemented for interfaces!
 -> (artifact id: 'd4e95174403ae9ec90a56e7d3e99ff11') in 0.021882 seconds
Number of updated asset objects reloaded before import = 0
Number of asset objects unloaded after import = 1
========================================================================
Received Prepare
Begin MonoManager ReloadAssembly
- Loaded All Assemblies, in  0.463 seconds
Refreshing native plugins compatible for Editor in 4.20 ms, found 3 plugins.
Native extension for WindowsStandalone target not found
[Package Manager] Server::EnsureServerProcessIsRunning -- launch failed, reason: Unity was launched with the -noUpm command-line argument
[Package Manager] UpmClient::Send -- Unable to send message (not connected to UPM process).
[Package Manager] Cannot connect to Unity Package Manager local server
Mono: successfully reloaded assembly
- Finished resetting the current domain, in  0.853 seconds
Domain Reload Profiling: 1315ms
	BeginReloadAssembly (167ms)
		ExecutionOrderSort (0ms)
		DisableScriptedObjects (6ms)
		BackupInstance (0ms)
		ReleaseScriptingObjects (0ms)
		CreateAndSetChildDomain (39ms)
	RebuildCommonClasses (34ms)
	RebuildNativeTypeToScriptingClass (14ms)
	initialDomainReloadingComplete (30ms)
	LoadAllAssembliesAndSetupDomain (216ms)
		LoadAssemblies (284ms)
		RebuildTransferFunctionScriptingTraits (0ms)
		AnalyzeDomain (25ms)
			TypeCache.Refresh (9ms)
				TypeCache.ScanAssembly (0ms)
			ScanForSourceGeneratedMonoScriptInfo (10ms)
			ResolveRequiredComponents (5ms)
	FinalizeReload (853ms)
		ReleaseScriptCaches (0ms)
		RebuildScriptCaches (0ms)
		SetupLoadedEditorAssemblies (350ms)
			LogAssemblyErrors (0ms)
			InitializePlatformSupportModulesInManaged (5ms)
			SetLoadedEditorAssemblies (6ms)
			RefreshPlugins (0ms)
			BeforeProcessingInitializeOnLoad (56ms)
			ProcessInitializeOnLoadAttributes (257ms)
			ProcessInitializeOnLoadMethodAttributes (21ms)
			AfterProcessingInitializeOnLoad (5ms)
			EditorAssembliesLoaded (0ms)
		ExecutionOrderSort2 (0ms)
		AwakeInstancesAfterBackupRestoration (7ms)
Refreshing native plugins compatible for Editor in 3.25 ms, found 3 plugins.
Preloading 0 native plugins for Editor in 0.00 ms.
Unloading 3076 Unused Serialized files (Serialized files now loaded: 0)
Unloading 22 unused Assets / (30.2 KB). Loaded Objects now: 3574.
Memory consumption went from 142.8 MB to 142.8 MB.
Total: 2.543700 ms (FindLiveObjects: 0.219200 ms CreateObjectMapping: 0.191000 ms MarkObjects: 2.101200 ms  DeleteObjects: 0.031500 ms)

Prepare: number of updated asset objects reloaded= 0
AssetImportParameters requested are different than current active one (requested -> active):
  custom:container-demuxer-ogg: 62fdf1f143b41e24485cea50d1cbac27 -> 
  custom:video-decoder-ogg-theora: a1e56fd34408186e4bbccfd4996cb3dc -> 
  custom:framework-win-MediaFoundation: 216162199b28c13a410421893ffa2e32 -> 
  custom:CustomObjectIndexerAttribute: 6d391050e5a25f67b0a2c618074f2cd9 -> 
  custom:container-demuxer-webm: 4f35f7cbe854078d1ac9338744f61a02 -> 
  custom:container-muxer-webm: aa71ff27fc2769a1b78a27578f13a17b -> 
  custom:video-decoder-webm-vp8: 9c59270c3fd7afecdb556c50c9e8de78 -> 
  custom:SearchIndexIgnoredProperties: e643bd26f0fe6173181afceb89e7c659 -> 
  custom:AudioImporter_EditorPlatform: d09bf68614088b80899f8185d706f6e7 -> 
  custom:video-encoder-webm-vp8: eb34c28f22e8b96e1ab97ce403110664 -> 
  custom:audio-decoder-ogg-vorbis: bf7c407c2cedff20999df2af8eb42d56 -> 
  custom:audio-encoder-webm-vorbis: bf7c407c2cedff20999df2af8eb42d56 -> 
========================================================================
Received Import Request.
  Time since last request: 606.166865 seconds.
  path: Assets/Scripts/Player.cs
  artifactKey: Guid(ef20cdadc574726428d7c139791dcbac) Importer(815301076,1909f56bfc062723c751e8b465ee728b)
Start importing Assets/Scripts/Player.cs using Guid(ef20cdadc574726428d7c139791dcbac) Importer(815301076,1909f56bfc062723c751e8b465ee728b)  -> (artifact id: 'a116b3525b6f4b9294a96557a2c0754f') in 0.001897 seconds
Number of updated asset objects reloaded before import = 0
Number of asset objects unloaded after import = 0
