Using pre-set license
Built from '2022.3/release' branch; Version is '2022.3.20f1 (61c2feb0970d) revision 6406910'; Using compiler version '192829333'; Build Type 'Release'
OS: 'Windows 10  (10.0.19045) 64bit Enterprise' Language: 'ko' Physical Memory: 16304 MB
BatchMode: 1, IsHumanControllingUs: 0, StartBugReporterOnCrash: 0, Is64bit: 1, IsPro: 1

COMMAND LINE ARGUMENTS:
C:\Program Files\Unity\Hub\Editor\2022.3.20f1\Editor\Unity.exe
-adb2
-batchMode
-noUpm
-name
AssetImportWorker1
-projectPath
C:/Users/SSAFY/Desktop/hyunki/My project01
-logFile
Logs/AssetImportWorker1.log
-srvPort
49791
Successfully changed project path to: C:/Users/SSAFY/Desktop/hyunki/My project01
C:/Users/SSAFY/Desktop/hyunki/My project01
[UnityMemory] Configuration Parameters - Can be set up in boot.config
    "memorysetup-bucket-allocator-granularity=16"
    "memorysetup-bucket-allocator-bucket-count=8"
    "memorysetup-bucket-allocator-block-size=33554432"
    "memorysetup-bucket-allocator-block-count=8"
    "memorysetup-main-allocator-block-size=16777216"
    "memorysetup-thread-allocator-block-size=16777216"
    "memorysetup-gfx-main-allocator-block-size=16777216"
    "memorysetup-gfx-thread-allocator-block-size=16777216"
    "memorysetup-cache-allocator-block-size=4194304"
    "memorysetup-typetree-allocator-block-size=2097152"
    "memorysetup-profiler-bucket-allocator-granularity=16"
    "memorysetup-profiler-bucket-allocator-bucket-count=8"
    "memorysetup-profiler-bucket-allocator-block-size=33554432"
    "memorysetup-profiler-bucket-allocator-block-count=8"
    "memorysetup-profiler-allocator-block-size=16777216"
    "memorysetup-profiler-editor-allocator-block-size=1048576"
    "memorysetup-temp-allocator-size-main=16777216"
    "memorysetup-job-temp-allocator-block-size=2097152"
    "memorysetup-job-temp-allocator-block-size-background=1048576"
    "memorysetup-job-temp-allocator-reduction-small-platforms=262144"
    "memorysetup-allocator-temp-initial-block-size-main=262144"
    "memorysetup-allocator-temp-initial-block-size-worker=262144"
    "memorysetup-temp-allocator-size-background-worker=32768"
    "memorysetup-temp-allocator-size-job-worker=262144"
    "memorysetup-temp-allocator-size-preload-manager=33554432"
    "memorysetup-temp-allocator-size-nav-mesh-worker=65536"
    "memorysetup-temp-allocator-size-audio-worker=65536"
    "memorysetup-temp-allocator-size-cloud-worker=32768"
    "memorysetup-temp-allocator-size-gi-baking-worker=262144"
    "memorysetup-temp-allocator-size-gfx=262144"
Player connection [1160] Host "[IP] 192.168.30.130 [Port] 0 [Flags] 2 [Guid] 3864990417 [EditorId] 3864990417 [Version] 1048832 [Id] WindowsEditor(7,DESKTOP-LL7FDJ6) [Debug] 1 [PackageName] WindowsEditor [ProjectName] Editor" joined multi-casting on [225.0.0.222:54997]...

Player connection [1160] Host "[IP] 192.168.30.130 [Port] 0 [Flags] 2 [Guid] 3864990417 [EditorId] 3864990417 [Version] 1048832 [Id] WindowsEditor(7,DESKTOP-LL7FDJ6) [Debug] 1 [PackageName] WindowsEditor [ProjectName] Editor" joined alternative multi-casting on [225.0.0.222:34997]...

[Physics::Module] Initialized MultithreadedJobDispatcher with 11 workers.
Refreshing native plugins compatible for Editor in 14.22 ms, found 3 plugins.
Preloading 0 native plugins for Editor in 0.00 ms.
Initialize engine version: 2022.3.20f1 (61c2feb0970d)
[Subsystems] Discovering subsystems at path C:/Program Files/Unity/Hub/Editor/2022.3.20f1/Editor/Data/Resources/UnitySubsystems
[Subsystems] Discovering subsystems at path C:/Users/SSAFY/Desktop/hyunki/My project01/Assets
GfxDevice: creating device client; threaded=0; jobified=0
Direct3D:
    Version:  Direct3D 11.0 [level 11.1]
    Renderer: NVIDIA GeForce RTX 2070 Super with Max-Q Design (ID=0x1ed1)
    Vendor:   NVIDIA
    VRAM:     7989 MB
    Driver:   31.0.15.5152
Initialize mono
Mono path[0] = 'C:/Program Files/Unity/Hub/Editor/2022.3.20f1/Editor/Data/Managed'
Mono path[1] = 'C:/Program Files/Unity/Hub/Editor/2022.3.20f1/Editor/Data/MonoBleedingEdge/lib/mono/unityjit-win32'
Mono config path = 'C:/Program Files/Unity/Hub/Editor/2022.3.20f1/Editor/Data/MonoBleedingEdge/etc'
Using monoOptions --debugger-agent=transport=dt_socket,embedding=1,server=y,suspend=n,address=127.0.0.1:56312
Begin MonoManager ReloadAssembly
Registering precompiled unity dll's ...
Register platform support module: C:/Program Files/Unity/Hub/Editor/2022.3.20f1/Editor/Data/PlaybackEngines/WindowsStandaloneSupport/UnityEditor.WindowsStandalone.Extensions.dll
Registered in 0.018118 seconds.
- Loaded All Assemblies, in  0.516 seconds
Native extension for WindowsStandalone target not found
Mono: successfully reloaded assembly
- Finished resetting the current domain, in  0.311 seconds
Domain Reload Profiling: 823ms
	BeginReloadAssembly (165ms)
		ExecutionOrderSort (0ms)
		DisableScriptedObjects (0ms)
		BackupInstance (0ms)
		ReleaseScriptingObjects (0ms)
		CreateAndSetChildDomain (1ms)
	RebuildCommonClasses (50ms)
	RebuildNativeTypeToScriptingClass (14ms)
	initialDomainReloadingComplete (87ms)
	LoadAllAssembliesAndSetupDomain (194ms)
		LoadAssemblies (162ms)
		RebuildTransferFunctionScriptingTraits (0ms)
		AnalyzeDomain (192ms)
			TypeCache.Refresh (190ms)
				TypeCache.ScanAssembly (171ms)
			ScanForSourceGeneratedMonoScriptInfo (0ms)
			ResolveRequiredComponents (1ms)
	FinalizeReload (311ms)
		ReleaseScriptCaches (0ms)
		RebuildScriptCaches (0ms)
		SetupLoadedEditorAssemblies (240ms)
			LogAssemblyErrors (0ms)
			InitializePlatformSupportModulesInManaged (13ms)
			SetLoadedEditorAssemblies (8ms)
			RefreshPlugins (0ms)
			BeforeProcessingInitializeOnLoad (2ms)
			ProcessInitializeOnLoadAttributes (164ms)
			ProcessInitializeOnLoadMethodAttributes (53ms)
			AfterProcessingInitializeOnLoad (0ms)
			EditorAssembliesLoaded (0ms)
		ExecutionOrderSort2 (0ms)
		AwakeInstancesAfterBackupRestoration (0ms)
========================================================================
Worker process is ready to serve import requests
Begin MonoManager ReloadAssembly
- Loaded All Assemblies, in  0.896 seconds
Refreshing native plugins compatible for Editor in 5.92 ms, found 3 plugins.
Native extension for WindowsStandalone target not found
Package Manager log level set to [2]
[Package Manager] Server::EnsureServerProcessIsRunning -- launch failed, reason: Unity was launched with the -noUpm command-line argument
[Package Manager] UpmClient::Send -- Unable to send message (not connected to UPM process).
[Package Manager] Cannot connect to Unity Package Manager local server
Mono: successfully reloaded assembly
- Finished resetting the current domain, in  0.910 seconds
Domain Reload Profiling: 1801ms
	BeginReloadAssembly (216ms)
		ExecutionOrderSort (0ms)
		DisableScriptedObjects (8ms)
		BackupInstance (0ms)
		ReleaseScriptingObjects (0ms)
		CreateAndSetChildDomain (22ms)
	RebuildCommonClasses (50ms)
	RebuildNativeTypeToScriptingClass (14ms)
	initialDomainReloadingComplete (61ms)
	LoadAllAssembliesAndSetupDomain (550ms)
		LoadAssemblies (433ms)
		RebuildTransferFunctionScriptingTraits (0ms)
		AnalyzeDomain (260ms)
			TypeCache.Refresh (234ms)
				TypeCache.ScanAssembly (213ms)
			ScanForSourceGeneratedMonoScriptInfo (19ms)
			ResolveRequiredComponents (6ms)
	FinalizeReload (911ms)
		ReleaseScriptCaches (0ms)
		RebuildScriptCaches (0ms)
		SetupLoadedEditorAssemblies (666ms)
			LogAssemblyErrors (0ms)
			InitializePlatformSupportModulesInManaged (14ms)
			SetLoadedEditorAssemblies (7ms)
			RefreshPlugins (0ms)
			BeforeProcessingInitializeOnLoad (131ms)
			ProcessInitializeOnLoadAttributes (468ms)
			ProcessInitializeOnLoadMethodAttributes (30ms)
			AfterProcessingInitializeOnLoad (16ms)
			EditorAssembliesLoaded (0ms)
		ExecutionOrderSort2 (0ms)
		AwakeInstancesAfterBackupRestoration (9ms)
Launched and connected shader compiler UnityShaderCompiler.exe after 0.05 seconds
Refreshing native plugins compatible for Editor in 7.52 ms, found 3 plugins.
Preloading 0 native plugins for Editor in 0.00 ms.
Unloading 3084 Unused Serialized files (Serialized files now loaded: 0)
Unloading 32 unused Assets / (57.3 KB). Loaded Objects now: 3545.
Memory consumption went from 127.1 MB to 127.0 MB.
Total: 3.236600 ms (FindLiveObjects: 0.286400 ms CreateObjectMapping: 0.303200 ms MarkObjects: 2.540600 ms  DeleteObjects: 0.105400 ms)

AssetImportParameters requested are different than current active one (requested -> active):
  custom:container-demuxer-ogg: 62fdf1f143b41e24485cea50d1cbac27 -> 
  custom:video-decoder-ogg-theora: a1e56fd34408186e4bbccfd4996cb3dc -> 
  custom:framework-win-MediaFoundation: 216162199b28c13a410421893ffa2e32 -> 
  custom:CustomObjectIndexerAttribute: 6d391050e5a25f67b0a2c618074f2cd9 -> 
  custom:container-demuxer-webm: 4f35f7cbe854078d1ac9338744f61a02 -> 
  custom:container-muxer-webm: aa71ff27fc2769a1b78a27578f13a17b -> 
  custom:video-decoder-webm-vp8: 9c59270c3fd7afecdb556c50c9e8de78 -> 
  custom:SearchIndexIgnoredProperties: e643bd26f0fe6173181afceb89e7c659 -> 
  custom:AudioImporter_EditorPlatform: d09bf68614088b80899f8185d706f6e7 -> 
  custom:video-encoder-webm-vp8: eb34c28f22e8b96e1ab97ce403110664 -> 
  custom:audio-decoder-ogg-vorbis: bf7c407c2cedff20999df2af8eb42d56 -> 
  custom:audio-encoder-webm-vorbis: bf7c407c2cedff20999df2af8eb42d56 -> 
========================================================================
Received Prepare
Begin MonoManager ReloadAssembly
- Loaded All Assemblies, in  0.584 seconds
Refreshing native plugins compatible for Editor in 5.15 ms, found 3 plugins.
Native extension for WindowsStandalone target not found
[Package Manager] Server::EnsureServerProcessIsRunning -- launch failed, reason: Unity was launched with the -noUpm command-line argument
[Package Manager] UpmClient::Send -- Unable to send message (not connected to UPM process).
[Package Manager] Cannot connect to Unity Package Manager local server
Mono: successfully reloaded assembly
- Finished resetting the current domain, in  1.199 seconds
Domain Reload Profiling: 1779ms
	BeginReloadAssembly (186ms)
		ExecutionOrderSort (0ms)
		DisableScriptedObjects (6ms)
		BackupInstance (0ms)
		ReleaseScriptingObjects (0ms)
		CreateAndSetChildDomain (33ms)
	RebuildCommonClasses (42ms)
	RebuildNativeTypeToScriptingClass (13ms)
	initialDomainReloadingComplete (48ms)
	LoadAllAssembliesAndSetupDomain (290ms)
		LoadAssemblies (379ms)
		RebuildTransferFunctionScriptingTraits (0ms)
		AnalyzeDomain (22ms)
			TypeCache.Refresh (9ms)
				TypeCache.ScanAssembly (0ms)
			ScanForSourceGeneratedMonoScriptInfo (7ms)
			ResolveRequiredComponents (5ms)
	FinalizeReload (1200ms)
		ReleaseScriptCaches (0ms)
		RebuildScriptCaches (0ms)
		SetupLoadedEditorAssemblies (475ms)
			LogAssemblyErrors (0ms)
			InitializePlatformSupportModulesInManaged (11ms)
			SetLoadedEditorAssemblies (6ms)
			RefreshPlugins (0ms)
			BeforeProcessingInitializeOnLoad (82ms)
			ProcessInitializeOnLoadAttributes (331ms)
			ProcessInitializeOnLoadMethodAttributes (30ms)
			AfterProcessingInitializeOnLoad (15ms)
			EditorAssembliesLoaded (0ms)
		ExecutionOrderSort2 (0ms)
		AwakeInstancesAfterBackupRestoration (10ms)
Refreshing native plugins compatible for Editor in 5.76 ms, found 3 plugins.
Preloading 0 native plugins for Editor in 0.00 ms.
Unloading 3078 Unused Serialized files (Serialized files now loaded: 0)
Unloading 23 unused Assets / (31.1 KB). Loaded Objects now: 3549.
Memory consumption went from 128.1 MB to 128.0 MB.
Total: 2.755200 ms (FindLiveObjects: 0.260800 ms CreateObjectMapping: 0.243800 ms MarkObjects: 2.206000 ms  DeleteObjects: 0.043800 ms)

Prepare: number of updated asset objects reloaded= 0
AssetImportParameters requested are different than current active one (requested -> active):
  custom:container-demuxer-ogg: 62fdf1f143b41e24485cea50d1cbac27 -> 
  custom:video-decoder-ogg-theora: a1e56fd34408186e4bbccfd4996cb3dc -> 
  custom:framework-win-MediaFoundation: 216162199b28c13a410421893ffa2e32 -> 
  custom:CustomObjectIndexerAttribute: 6d391050e5a25f67b0a2c618074f2cd9 -> 
  custom:container-demuxer-webm: 4f35f7cbe854078d1ac9338744f61a02 -> 
  custom:container-muxer-webm: aa71ff27fc2769a1b78a27578f13a17b -> 
  custom:video-decoder-webm-vp8: 9c59270c3fd7afecdb556c50c9e8de78 -> 
  custom:SearchIndexIgnoredProperties: e643bd26f0fe6173181afceb89e7c659 -> 
  custom:AudioImporter_EditorPlatform: d09bf68614088b80899f8185d706f6e7 -> 
  custom:video-encoder-webm-vp8: eb34c28f22e8b96e1ab97ce403110664 -> 
  custom:audio-decoder-ogg-vorbis: bf7c407c2cedff20999df2af8eb42d56 -> 
  custom:audio-encoder-webm-vorbis: bf7c407c2cedff20999df2af8eb42d56 -> 
========================================================================
Received Import Request.
  Time since last request: 552.472244 seconds.
  path: Assets/Scripts/SOSkill.cs
  artifactKey: Guid(1e87069b452c9444aa14b497769a3cc4) Importer(815301076,1909f56bfc062723c751e8b465ee728b)
Start importing Assets/Scripts/SOSkill.cs using Guid(1e87069b452c9444aa14b497769a3cc4) Importer(815301076,1909f56bfc062723c751e8b465ee728b)  -> (artifact id: '47bcfe522a36a51794f71dbcf57d524f') in 0.002744 seconds
Number of updated asset objects reloaded before import = 0
Number of asset objects unloaded after import = 0
========================================================================
Received Import Request.
  Time since last request: 111.236096 seconds.
  path: Assets/Blink/Art/Icons/Classes/Warrior/Barbarian/Barbarian20.png
  artifactKey: Guid(c890dd06d4a350946ab11e4778bf47d8) Importer(815301076,1909f56bfc062723c751e8b465ee728b)
Start importing Assets/Blink/Art/Icons/Classes/Warrior/Barbarian/Barbarian20.png using Guid(c890dd06d4a350946ab11e4778bf47d8) Importer(815301076,1909f56bfc062723c751e8b465ee728b)  -> (artifact id: 'fa986273aa62ad09d25d5e48aaaa4913') in 0.119331 seconds
Number of updated asset objects reloaded before import = 0
Number of asset objects unloaded after import = 3
========================================================================
Received Import Request.
  Time since last request: 249.292158 seconds.
  path: Assets/Blink/Art/Icons/Classes/Elementalist/Arcanist/Arcanist15.png
  artifactKey: Guid(cdec13907ffc75749ab2ed436bec6b14) Importer(815301076,1909f56bfc062723c751e8b465ee728b)
Start importing Assets/Blink/Art/Icons/Classes/Elementalist/Arcanist/Arcanist15.png using Guid(cdec13907ffc75749ab2ed436bec6b14) Importer(815301076,1909f56bfc062723c751e8b465ee728b)  -> (artifact id: 'd404291b500f8381d77df4116448f5de') in 0.028542 seconds
Number of updated asset objects reloaded before import = 0
Number of asset objects unloaded after import = 3
========================================================================
Received Import Request.
  Time since last request: 0.000019 seconds.
  path: Assets/Blink/Art/Icons/Classes/Symbiose/Beastmaster/BeastMaster4.png
  artifactKey: Guid(030d61925e2f98f4d86e171153ec39e1) Importer(815301076,1909f56bfc062723c751e8b465ee728b)
Start importing Assets/Blink/Art/Icons/Classes/Symbiose/Beastmaster/BeastMaster4.png using Guid(030d61925e2f98f4d86e171153ec39e1) Importer(815301076,1909f56bfc062723c751e8b465ee728b)  -> (artifact id: 'ebe20804a541a1627776b86043436d00') in 0.027204 seconds
Number of updated asset objects reloaded before import = 0
Number of asset objects unloaded after import = 3
========================================================================
Received Import Request.
  Time since last request: 0.000017 seconds.
  path: Assets/Blink/Art/Icons/Classes/HolyDarkness/Cultist/Cultist12.png
  artifactKey: Guid(e691198d56e3a1848b5009e1ff94dbb5) Importer(815301076,1909f56bfc062723c751e8b465ee728b)
Start importing Assets/Blink/Art/Icons/Classes/HolyDarkness/Cultist/Cultist12.png using Guid(e691198d56e3a1848b5009e1ff94dbb5) Importer(815301076,1909f56bfc062723c751e8b465ee728b)  -> (artifact id: '7a854c7bb31cb7e516d86f78271375c5') in 0.029174 seconds
Number of updated asset objects reloaded before import = 0
Number of asset objects unloaded after import = 3
========================================================================
Received Import Request.
  Time since last request: 0.000017 seconds.
  path: Assets/Blink/Art/Icons/Classes/Assassin/DemonHunter/DemonHunter8.png
  artifactKey: Guid(51dcbb3542a768b49ac5942bd2a0c8bb) Importer(815301076,1909f56bfc062723c751e8b465ee728b)
Start importing Assets/Blink/Art/Icons/Classes/Assassin/DemonHunter/DemonHunter8.png using Guid(51dcbb3542a768b49ac5942bd2a0c8bb) Importer(815301076,1909f56bfc062723c751e8b465ee728b)  -> (artifact id: 'fe9af05ab5f4402164200d676158acf4') in 0.028307 seconds
Number of updated asset objects reloaded before import = 0
Number of asset objects unloaded after import = 3
========================================================================
Received Import Request.
  Time since last request: 0.000015 seconds.
  path: Assets/Blink/Art/Icons/Classes/Elementalist/Cryomancer/Cryomancer17.png
  artifactKey: Guid(f5ab3f534c1138f4786f23cd74103223) Importer(815301076,1909f56bfc062723c751e8b465ee728b)
Start importing Assets/Blink/Art/Icons/Classes/Elementalist/Cryomancer/Cryomancer17.png using Guid(f5ab3f534c1138f4786f23cd74103223) Importer(815301076,1909f56bfc062723c751e8b465ee728b)  -> (artifact id: 'ee57882eb0a838c9249664166e892360') in 0.026313 seconds
Number of updated asset objects reloaded before import = 0
Number of asset objects unloaded after import = 3
========================================================================
Received Import Request.
  Time since last request: 0.000016 seconds.
  path: Assets/Blink/Art/Icons/Classes/Warrior/Deathknight/Deathknight14.png
  artifactKey: Guid(917871e5c6d34ed4b93dfafad1277db5) Importer(815301076,1909f56bfc062723c751e8b465ee728b)
Start importing Assets/Blink/Art/Icons/Classes/Warrior/Deathknight/Deathknight14.png using Guid(917871e5c6d34ed4b93dfafad1277db5) Importer(815301076,1909f56bfc062723c751e8b465ee728b)  -> (artifact id: '0ed8dc9f60a3b62aefe0e47bb024d201') in 0.028776 seconds
Number of updated asset objects reloaded before import = 0
Number of asset objects unloaded after import = 3
========================================================================
Received Import Request.
  Time since last request: 0.000019 seconds.
  path: Assets/Blink/Art/Icons/Classes/Warrior/Berserker/Berserker10.png
  artifactKey: Guid(2bbebcc9ca74c2c47bc5238486432710) Importer(815301076,1909f56bfc062723c751e8b465ee728b)
Start importing Assets/Blink/Art/Icons/Classes/Warrior/Berserker/Berserker10.png using Guid(2bbebcc9ca74c2c47bc5238486432710) Importer(815301076,1909f56bfc062723c751e8b465ee728b)  -> (artifact id: '36f8625e1b0a0091de49e1ad26191878') in 0.029078 seconds
Number of updated asset objects reloaded before import = 0
Number of asset objects unloaded after import = 3
========================================================================
Received Import Request.
  Time since last request: 0.000060 seconds.
  path: Assets/Blink/Art/Icons/Classes/Warrior/Berserker/Berserker13.png
  artifactKey: Guid(4d7635c366a76274c85747592d98d2f5) Importer(815301076,1909f56bfc062723c751e8b465ee728b)
Start importing Assets/Blink/Art/Icons/Classes/Warrior/Berserker/Berserker13.png using Guid(4d7635c366a76274c85747592d98d2f5) Importer(815301076,1909f56bfc062723c751e8b465ee728b)  -> (artifact id: '402a25c77fb205018f1fcb1990421791') in 0.026500 seconds
Number of updated asset objects reloaded before import = 0
Number of asset objects unloaded after import = 3
========================================================================
Received Import Request.
  Time since last request: 0.510155 seconds.
  path: Assets/Blink/Art/Icons/Classes/Warrior/Dragonknight/Dragonknight18.png
  artifactKey: Guid(e8a68fd17ce42174e9b24babd0ae6629) Importer(815301076,1909f56bfc062723c751e8b465ee728b)
Start importing Assets/Blink/Art/Icons/Classes/Warrior/Dragonknight/Dragonknight18.png using Guid(e8a68fd17ce42174e9b24babd0ae6629) Importer(815301076,1909f56bfc062723c751e8b465ee728b)  -> (artifact id: '1c4a3bc105a55e1a1bc1885f0fd5f5c8') in 0.025755 seconds
Number of updated asset objects reloaded before import = 0
Number of asset objects unloaded after import = 3
========================================================================
Received Import Request.
  Time since last request: 0.076411 seconds.
  path: Assets/Blink/Art/Icons/Classes/Elementalist/Electromancer/Electromancer3.png
  artifactKey: Guid(2456dd2824f5ec540830760922f5bac6) Importer(815301076,1909f56bfc062723c751e8b465ee728b)
Start importing Assets/Blink/Art/Icons/Classes/Elementalist/Electromancer/Electromancer3.png using Guid(2456dd2824f5ec540830760922f5bac6) Importer(815301076,1909f56bfc062723c751e8b465ee728b)  -> (artifact id: '6a20093ed56fab2f341bcdd2b51cd5f2') in 0.029796 seconds
Number of updated asset objects reloaded before import = 0
Number of asset objects unloaded after import = 3
========================================================================
Received Import Request.
  Time since last request: 0.102103 seconds.
  path: Assets/Blink/Art/Icons/Classes/Symbiose/Enchanter/Enchanter18.png
  artifactKey: Guid(0f182fb2863faa7449e020de33b77e68) Importer(815301076,1909f56bfc062723c751e8b465ee728b)
Start importing Assets/Blink/Art/Icons/Classes/Symbiose/Enchanter/Enchanter18.png using Guid(0f182fb2863faa7449e020de33b77e68) Importer(815301076,1909f56bfc062723c751e8b465ee728b)  -> (artifact id: '93925eee3372e13fc5f21eeb9bbf0055') in 0.025882 seconds
Number of updated asset objects reloaded before import = 0
Number of asset objects unloaded after import = 3
========================================================================
Received Import Request.
  Time since last request: 0.057323 seconds.
  path: Assets/Blink/Art/Icons/Classes/Warrior/Guardian/Guardian8.png
  artifactKey: Guid(8a96b38c76be79946a150249547b07bc) Importer(815301076,1909f56bfc062723c751e8b465ee728b)
Start importing Assets/Blink/Art/Icons/Classes/Warrior/Guardian/Guardian8.png using Guid(8a96b38c76be79946a150249547b07bc) Importer(815301076,1909f56bfc062723c751e8b465ee728b)  -> (artifact id: 'ad97e6f9f2142171c130ec91cf9a7cd0') in 0.027314 seconds
Number of updated asset objects reloaded before import = 0
Number of asset objects unloaded after import = 3
========================================================================
Received Import Request.
  Time since last request: 0.059512 seconds.
  path: Assets/Blink/Art/Icons/Classes/Assassin/Hunter/Hunter10.png
  artifactKey: Guid(b123bdad4f47a734c80135e456f2d162) Importer(815301076,1909f56bfc062723c751e8b465ee728b)
Start importing Assets/Blink/Art/Icons/Classes/Assassin/Hunter/Hunter10.png using Guid(b123bdad4f47a734c80135e456f2d162) Importer(815301076,1909f56bfc062723c751e8b465ee728b)  -> (artifact id: '7f20f18ca90d863499c96e31c13db233') in 0.030265 seconds
Number of updated asset objects reloaded before import = 0
Number of asset objects unloaded after import = 3
========================================================================
Received Import Request.
  Time since last request: 0.034353 seconds.
  path: Assets/Blink/Art/Icons/Classes/HolyDarkness/Necromancer/Necromancer3.png
  artifactKey: Guid(eac3e2cd2f3070a4cb2521c534e1964f) Importer(815301076,1909f56bfc062723c751e8b465ee728b)
Start importing Assets/Blink/Art/Icons/Classes/HolyDarkness/Necromancer/Necromancer3.png using Guid(eac3e2cd2f3070a4cb2521c534e1964f) Importer(815301076,1909f56bfc062723c751e8b465ee728b)  -> (artifact id: 'a4b01735edb23d24c76645acdb302da4') in 0.031640 seconds
Number of updated asset objects reloaded before import = 0
Number of asset objects unloaded after import = 3
========================================================================
Received Import Request.
  Time since last request: 0.037662 seconds.
  path: Assets/Blink/Art/Icons/Classes/HolyDarkness/Paladin/Paladin14.png
  artifactKey: Guid(c46d83f2b73aaa141bd5015819342d81) Importer(815301076,1909f56bfc062723c751e8b465ee728b)
Start importing Assets/Blink/Art/Icons/Classes/HolyDarkness/Paladin/Paladin14.png using Guid(c46d83f2b73aaa141bd5015819342d81) Importer(815301076,1909f56bfc062723c751e8b465ee728b)  -> (artifact id: 'b908a55e8a36244775088205a32c9b5d') in 0.030075 seconds
Number of updated asset objects reloaded before import = 0
Number of asset objects unloaded after import = 3
========================================================================
Received Import Request.
  Time since last request: 26.547612 seconds.
  path: Assets/Blink/Art/Icons/Classes/Elementalist/Pyromancer/Pyromancer7.png
  artifactKey: Guid(8ec5b52b09d90074a83d61c1334190f9) Importer(815301076,1909f56bfc062723c751e8b465ee728b)
Start importing Assets/Blink/Art/Icons/Classes/Elementalist/Pyromancer/Pyromancer7.png using Guid(8ec5b52b09d90074a83d61c1334190f9) Importer(815301076,1909f56bfc062723c751e8b465ee728b)  -> (artifact id: '6a2969cba9bcc4431c58908fddba2d3a') in 0.028930 seconds
Number of updated asset objects reloaded before import = 0
Number of asset objects unloaded after import = 3
========================================================================
Received Import Request.
  Time since last request: 0.263226 seconds.
  path: Assets/Blink/Art/Icons/Classes/Assassin/Rogue/Rogue3.png
  artifactKey: Guid(0e7966e8857d9da42bd7ac9668f85ce2) Importer(815301076,1909f56bfc062723c751e8b465ee728b)
Start importing Assets/Blink/Art/Icons/Classes/Assassin/Rogue/Rogue3.png using Guid(0e7966e8857d9da42bd7ac9668f85ce2) Importer(815301076,1909f56bfc062723c751e8b465ee728b)  -> (artifact id: 'e9d7f61a4aaa9c1f8a56d0ae9586807b') in 0.027413 seconds
Number of updated asset objects reloaded before import = 0
Number of asset objects unloaded after import = 3
========================================================================
Received Import Request.
  Time since last request: 0.000019 seconds.
  path: Assets/Blink/Art/Icons/Classes/Symbiose/Shaman/Shaman17.png
  artifactKey: Guid(7184252199212cf4a9288a2a2d70dee1) Importer(815301076,1909f56bfc062723c751e8b465ee728b)
Start importing Assets/Blink/Art/Icons/Classes/Symbiose/Shaman/Shaman17.png using Guid(7184252199212cf4a9288a2a2d70dee1) Importer(815301076,1909f56bfc062723c751e8b465ee728b)  -> (artifact id: '08713d03b19bab452c7402e12ec0082c') in 0.030006 seconds
Number of updated asset objects reloaded before import = 0
Number of asset objects unloaded after import = 3
Editor requested this worker to shutdown with reason: Scaling down because of idle timeout
TcpMessagingSession - receive error: operation aborted. errorcode: 995, details: 스레드 종료 또는 응용 프로그램 요청 때문에 I/O 작업이 취소되었습니다.
AssetImportWorker is now disconnected from the server
Process exiting
Exiting without the bug reporter. Application will terminate with return code 0